\BOOKMARK [0][-]{chapter.1}{\376\377\000C\000l\000a\000s\000s\000\040\000I\000n\000d\000e\000x}{}% 1
\BOOKMARK [1][-]{section.1.1}{\376\377\000C\000l\000a\000s\000s\000\040\000H\000i\000e\000r\000a\000r\000c\000h\000y}{chapter.1}% 2
\BOOKMARK [0][-]{chapter.2}{\376\377\000C\000l\000a\000s\000s\000\040\000I\000n\000d\000e\000x}{}% 3
\BOOKMARK [1][-]{section.2.1}{\376\377\000C\000l\000a\000s\000s\000\040\000L\000i\000s\000t}{chapter.2}% 4
\BOOKMARK [0][-]{chapter.3}{\376\377\000C\000l\000a\000s\000s\000\040\000D\000o\000c\000u\000m\000e\000n\000t\000a\000t\000i\000o\000n}{}% 5
\BOOKMARK [1][-]{section.3.1}{\376\377\000O\000p\000e\000n\000c\000v\000S\000f\000M\000:\000:\000C\000a\000m\000e\000r\000a\000\040\000C\000l\000a\000s\000s\000\040\000R\000e\000f\000e\000r\000e\000n\000c\000e}{chapter.3}% 6
\BOOKMARK [2][-]{subsection.3.1.1}{\376\377\000D\000e\000t\000a\000i\000l\000e\000d\000\040\000D\000e\000s\000c\000r\000i\000p\000t\000i\000o\000n}{section.3.1}% 7
\BOOKMARK [1][-]{section.3.2}{\376\377\000O\000p\000e\000n\000c\000v\000S\000f\000M\000:\000:\000E\000x\000t\000e\000r\000n\000P\000o\000s\000E\000s\000t\000i\000m\000\040\000C\000l\000a\000s\000s\000\040\000R\000e\000f\000e\000r\000e\000n\000c\000e}{chapter.3}% 8
\BOOKMARK [2][-]{subsection.3.2.1}{\376\377\000D\000e\000t\000a\000i\000l\000e\000d\000\040\000D\000e\000s\000c\000r\000i\000p\000t\000i\000o\000n}{section.3.2}% 9
\BOOKMARK [1][-]{section.3.3}{\376\377\000O\000p\000e\000n\000c\000v\000S\000f\000M\000:\000:\000F\000i\000e\000l\000d\000O\000f\000V\000i\000e\000w\000\040\000C\000l\000a\000s\000s\000\040\000R\000e\000f\000e\000r\000e\000n\000c\000e}{chapter.3}% 10
\BOOKMARK [2][-]{subsection.3.3.1}{\376\377\000D\000e\000t\000a\000i\000l\000e\000d\000\040\000D\000e\000s\000c\000r\000i\000p\000t\000i\000o\000n}{section.3.3}% 11
\BOOKMARK [2][-]{subsection.3.3.2}{\376\377\000C\000o\000n\000s\000t\000r\000u\000c\000t\000o\000r\000\040\000\046\000\040\000D\000e\000s\000t\000r\000u\000c\000t\000o\000r\000\040\000D\000o\000c\000u\000m\000e\000n\000t\000a\000t\000i\000o\000n}{section.3.3}% 12
\BOOKMARK [3][-]{subsubsection.3.3.2.1}{\376\377\000F\000i\000e\000l\000d\000O\000f\000V\000i\000e\000w}{subsection.3.3.2}% 13
\BOOKMARK [3][-]{subsubsection.3.3.2.2}{\376\377\000F\000i\000e\000l\000d\000O\000f\000V\000i\000e\000w}{subsection.3.3.2}% 14
\BOOKMARK [3][-]{subsubsection.3.3.2.3}{\376\377\000F\000i\000e\000l\000d\000O\000f\000V\000i\000e\000w}{subsection.3.3.2}% 15
\BOOKMARK [3][-]{subsubsection.3.3.2.4}{\376\377\000F\000i\000e\000l\000d\000O\000f\000V\000i\000e\000w}{subsection.3.3.2}% 16
\BOOKMARK [3][-]{subsubsection.3.3.2.5}{\376\377\000F\000i\000e\000l\000d\000O\000f\000V\000i\000e\000w}{subsection.3.3.2}% 17
\BOOKMARK [3][-]{subsubsection.3.3.2.6}{\376\377\000F\000i\000e\000l\000d\000O\000f\000V\000i\000e\000w}{subsection.3.3.2}% 18
\BOOKMARK [2][-]{subsection.3.3.3}{\376\377\000M\000e\000m\000b\000e\000r\000\040\000F\000u\000n\000c\000t\000i\000o\000n\000\040\000D\000o\000c\000u\000m\000e\000n\000t\000a\000t\000i\000o\000n}{section.3.3}% 19
\BOOKMARK [3][-]{subsubsection.3.3.3.1}{\376\377\000i\000s\000R\000e\000a\000l\000F\000o\000V}{subsection.3.3.3}% 20
\BOOKMARK [1][-]{section.3.4}{\376\377\000O\000p\000e\000n\000c\000v\000S\000f\000M\000:\000:\000M\000o\000t\000i\000o\000n\000P\000r\000o\000c\000e\000s\000s\000o\000r\000\040\000C\000l\000a\000s\000s\000\040\000R\000e\000f\000e\000r\000e\000n\000c\000e}{chapter.3}% 21
\BOOKMARK [2][-]{subsection.3.4.1}{\376\377\000D\000e\000t\000a\000i\000l\000e\000d\000\040\000D\000e\000s\000c\000r\000i\000p\000t\000i\000o\000n}{section.3.4}% 22
\BOOKMARK [2][-]{subsection.3.4.2}{\376\377\000M\000e\000m\000b\000e\000r\000\040\000F\000u\000n\000c\000t\000i\000o\000n\000\040\000D\000o\000c\000u\000m\000e\000n\000t\000a\000t\000i\000o\000n}{section.3.4}% 23
\BOOKMARK [3][-]{subsubsection.3.4.2.1}{\376\377\000g\000e\000t\000F\000r\000a\000m\000e}{subsection.3.4.2}% 24
\BOOKMARK [3][-]{subsubsection.3.4.2.2}{\376\377\000g\000e\000t\000P\000r\000o\000p\000e\000r\000t\000y}{subsection.3.4.2}% 25
\BOOKMARK [3][-]{subsubsection.3.4.2.3}{\376\377\000s\000e\000t\000I\000n\000p\000u\000t\000S\000o\000u\000r\000c\000e}{subsection.3.4.2}% 26
\BOOKMARK [3][-]{subsubsection.3.4.2.4}{\376\377\000s\000e\000t\000I\000n\000p\000u\000t\000S\000o\000u\000r\000c\000e}{subsection.3.4.2}% 27
\BOOKMARK [3][-]{subsubsection.3.4.2.5}{\376\377\000s\000e\000t\000I\000n\000p\000u\000t\000S\000o\000u\000r\000c\000e}{subsection.3.4.2}% 28
\BOOKMARK [3][-]{subsubsection.3.4.2.6}{\376\377\000s\000e\000t\000P\000r\000o\000p\000e\000r\000t\000y}{subsection.3.4.2}% 29
\BOOKMARK [2][-]{subsection.3.4.3}{\376\377\000M\000e\000m\000b\000e\000r\000\040\000D\000a\000t\000a\000\040\000D\000o\000c\000u\000m\000e\000n\000t\000a\000t\000i\000o\000n}{section.3.4}% 30
\BOOKMARK [3][-]{subsubsection.3.4.3.1}{\376\377\000s\000o\000u\000r\000c\000e\000N\000a\000m\000e\000\137}{subsection.3.4.3}% 31
\BOOKMARK [3][-]{subsubsection.3.4.3.2}{\376\377\000s\000u\000f\000f\000i\000x\000\137}{subsection.3.4.3}% 32
\BOOKMARK [1][-]{section.3.5}{\376\377\000O\000p\000e\000n\000c\000v\000S\000f\000M\000:\000:\000P\000o\000i\000n\000t\000s\0003\000D\000E\000s\000t\000i\000m\000\040\000C\000l\000a\000s\000s\000\040\000R\000e\000f\000e\000r\000e\000n\000c\000e}{chapter.3}% 33
\BOOKMARK [2][-]{subsection.3.5.1}{\376\377\000D\000e\000t\000a\000i\000l\000e\000d\000\040\000D\000e\000s\000c\000r\000i\000p\000t\000i\000o\000n}{section.3.5}% 34
\BOOKMARK [1][-]{section.3.6}{\376\377\000O\000p\000e\000n\000c\000v\000S\000f\000M\000:\000:\000P\000o\000i\000n\000t\000s\000M\000a\000t\000c\000h\000e\000r\000\040\000C\000l\000a\000s\000s\000\040\000R\000e\000f\000e\000r\000e\000n\000c\000e}{chapter.3}% 35
\BOOKMARK [2][-]{subsection.3.6.1}{\376\377\000D\000e\000t\000a\000i\000l\000e\000d\000\040\000D\000e\000s\000c\000r\000i\000p\000t\000i\000o\000n}{section.3.6}% 36
\BOOKMARK [1][-]{section.3.7}{\376\377\000O\000p\000e\000n\000c\000v\000S\000f\000M\000:\000:\000P\000o\000i\000n\000t\000s\000T\000o\000T\000r\000a\000c\000k\000\040\000C\000l\000a\000s\000s\000\040\000R\000e\000f\000e\000r\000e\000n\000c\000e}{chapter.3}% 37
\BOOKMARK [2][-]{subsection.3.7.1}{\376\377\000D\000e\000t\000a\000i\000l\000e\000d\000\040\000D\000e\000s\000c\000r\000i\000p\000t\000i\000o\000n}{section.3.7}% 38
\BOOKMARK [2][-]{subsection.3.7.2}{\376\377\000C\000o\000n\000s\000t\000r\000u\000c\000t\000o\000r\000\040\000\046\000\040\000D\000e\000s\000t\000r\000u\000c\000t\000o\000r\000\040\000D\000o\000c\000u\000m\000e\000n\000t\000a\000t\000i\000o\000n}{section.3.7}% 39
\BOOKMARK [3][-]{subsubsection.3.7.2.1}{\376\377\000P\000o\000i\000n\000t\000s\000T\000o\000T\000r\000a\000c\000k}{subsection.3.7.2}% 40
\BOOKMARK [3][-]{subsubsection.3.7.2.2}{\376\377\000P\000o\000i\000n\000t\000s\000T\000o\000T\000r\000a\000c\000k}{subsection.3.7.2}% 41
\BOOKMARK [2][-]{subsection.3.7.3}{\376\377\000M\000e\000m\000b\000e\000r\000\040\000F\000u\000n\000c\000t\000i\000o\000n\000\040\000D\000o\000c\000u\000m\000e\000n\000t\000a\000t\000i\000o\000n}{section.3.7}% 42
\BOOKMARK [3][-]{subsubsection.3.7.3.1}{\376\377\000a\000d\000d\000K\000e\000y\000p\000o\000i\000n\000t\000s}{subsection.3.7.3}% 43
\BOOKMARK [3][-]{subsubsection.3.7.3.2}{\376\377\000c\000o\000m\000p\000u\000t\000e\000D\000e\000s\000c\000r\000i\000p\000t\000o\000r\000s}{subsection.3.7.3}% 44
\BOOKMARK [3][-]{subsubsection.3.7.3.3}{\376\377\000c\000o\000m\000p\000u\000t\000e\000K\000e\000y\000p\000o\000i\000n\000t\000s}{subsection.3.7.3}% 45
\BOOKMARK [3][-]{subsubsection.3.7.3.4}{\376\377\000c\000o\000m\000p\000u\000t\000e\000K\000e\000y\000p\000o\000i\000n\000t\000s\000A\000n\000d\000D\000e\000s\000c}{subsection.3.7.3}% 46
\BOOKMARK [3][-]{subsubsection.3.7.3.5}{\376\377\000g\000e\000t\000D\000e\000s\000c\000r\000i\000p\000t\000o\000r\000s}{subsection.3.7.3}% 47
\BOOKMARK [3][-]{subsubsection.3.7.3.6}{\376\377\000g\000e\000t\000K\000e\000y\000p\000o\000i\000n\000t\000s}{subsection.3.7.3}% 48
\BOOKMARK [3][-]{subsubsection.3.7.3.7}{\376\377\000p\000r\000i\000n\000t\000P\000o\000i\000n\000t\000s\000O\000n\000I\000m\000a\000g\000e}{subsection.3.7.3}% 49
\BOOKMARK [1][-]{section.3.8}{\376\377\000O\000p\000e\000n\000c\000v\000S\000f\000M\000:\000:\000P\000o\000i\000n\000t\000s\000T\000o\000T\000r\000a\000c\000k\000W\000i\000t\000h\000I\000m\000a\000g\000e\000\040\000C\000l\000a\000s\000s\000\040\000R\000e\000f\000e\000r\000e\000n\000c\000e}{chapter.3}% 50
\BOOKMARK [2][-]{subsection.3.8.1}{\376\377\000D\000e\000t\000a\000i\000l\000e\000d\000\040\000D\000e\000s\000c\000r\000i\000p\000t\000i\000o\000n}{section.3.8}% 51
\BOOKMARK [2][-]{subsection.3.8.2}{\376\377\000C\000o\000n\000s\000t\000r\000u\000c\000t\000o\000r\000\040\000\046\000\040\000D\000e\000s\000t\000r\000u\000c\000t\000o\000r\000\040\000D\000o\000c\000u\000m\000e\000n\000t\000a\000t\000i\000o\000n}{section.3.8}% 52
\BOOKMARK [3][-]{subsubsection.3.8.2.1}{\376\377\000P\000o\000i\000n\000t\000s\000T\000o\000T\000r\000a\000c\000k\000W\000i\000t\000h\000I\000m\000a\000g\000e}{subsection.3.8.2}% 53
\BOOKMARK [3][-]{subsubsection.3.8.2.2}{\376\377\000P\000o\000i\000n\000t\000s\000T\000o\000T\000r\000a\000c\000k\000W\000i\000t\000h\000I\000m\000a\000g\000e}{subsection.3.8.2}% 54
\BOOKMARK [2][-]{subsection.3.8.3}{\376\377\000M\000e\000m\000b\000e\000r\000\040\000F\000u\000n\000c\000t\000i\000o\000n\000\040\000D\000o\000c\000u\000m\000e\000n\000t\000a\000t\000i\000o\000n}{section.3.8}% 55
\BOOKMARK [3][-]{subsubsection.3.8.3.1}{\376\377\000c\000o\000m\000p\000u\000t\000e\000D\000e\000s\000c\000r\000i\000p\000t\000o\000r\000s}{subsection.3.8.3}% 56
\BOOKMARK [3][-]{subsubsection.3.8.3.2}{\376\377\000c\000o\000m\000p\000u\000t\000e\000K\000e\000y\000p\000o\000i\000n\000t\000s}{subsection.3.8.3}% 57
\BOOKMARK [3][-]{subsubsection.3.8.3.3}{\376\377\000s\000e\000t\000D\000e\000s\000c\000r\000i\000p\000t\000o\000r\000E\000x\000t\000r\000a\000c\000t\000o\000r}{subsection.3.8.3}% 58
\BOOKMARK [3][-]{subsubsection.3.8.3.4}{\376\377\000s\000e\000t\000F\000e\000a\000t\000u\000r\000e\000D\000e\000t\000e\000c\000t\000o\000r}{subsection.3.8.3}% 59
