\BOOKMARK [0][-]{chapter.1}{\376\377\000C\000l\000a\000s\000s\000\040\000I\000n\000d\000e\000x}{}% 1
\BOOKMARK [1][-]{section.1.1}{\376\377\000C\000l\000a\000s\000s\000\040\000H\000i\000e\000r\000a\000r\000c\000h\000y}{chapter.1}% 2
\BOOKMARK [0][-]{chapter.2}{\376\377\000C\000l\000a\000s\000s\000\040\000I\000n\000d\000e\000x}{}% 3
\BOOKMARK [1][-]{section.2.1}{\376\377\000C\000l\000a\000s\000s\000\040\000L\000i\000s\000t}{chapter.2}% 4
\BOOKMARK [0][-]{chapter.3}{\376\377\000C\000l\000a\000s\000s\000\040\000D\000o\000c\000u\000m\000e\000n\000t\000a\000t\000i\000o\000n}{}% 5
\BOOKMARK [1][-]{section.3.1}{\376\377\000O\000p\000e\000n\000c\000v\000S\000f\000M\000:\000:\000C\000a\000m\000e\000r\000a\000\040\000C\000l\000a\000s\000s\000\040\000R\000e\000f\000e\000r\000e\000n\000c\000e}{chapter.3}% 6
\BOOKMARK [2][-]{subsection.3.1.1}{\376\377\000D\000e\000t\000a\000i\000l\000e\000d\000\040\000D\000e\000s\000c\000r\000i\000p\000t\000i\000o\000n}{section.3.1}% 7
\BOOKMARK [2][-]{subsection.3.1.2}{\376\377\000M\000e\000m\000b\000e\000r\000\040\000F\000u\000n\000c\000t\000i\000o\000n\000\040\000D\000o\000c\000u\000m\000e\000n\000t\000a\000t\000i\000o\000n}{section.3.1}% 8
\BOOKMARK [3][-]{subsubsection.3.1.2.1}{\376\377\000c\000o\000m\000p\000u\000t\000e\000P\000r\000o\000j\000e\000c\000t\000i\000o\000n\000M\000a\000t\000r\000i\000x}{subsection.3.1.2}% 9
\BOOKMARK [3][-]{subsubsection.3.1.2.2}{\376\377\000c\000o\000n\000v\000e\000r\000t\000F\000r\000o\000m\000I\000m\000a\000g\000e\000T\000o\0003\000D\000r\000a\000y}{subsection.3.1.2}% 10
\BOOKMARK [3][-]{subsubsection.3.1.2.3}{\376\377\000n\000o\000r\000m\000I\000m\000a\000g\000e\000T\000o\000P\000i\000x\000e\000l\000C\000o\000o\000r\000d\000i\000n\000a\000t\000e\000s}{subsection.3.1.2}% 11
\BOOKMARK [3][-]{subsubsection.3.1.2.4}{\376\377\000p\000i\000x\000e\000l\000T\000o\000N\000o\000r\000m\000I\000m\000a\000g\000e\000C\000o\000o\000r\000d\000i\000n\000a\000t\000e\000s}{subsection.3.1.2}% 12
\BOOKMARK [1][-]{section.3.2}{\376\377\000O\000p\000e\000n\000c\000v\000S\000f\000M\000:\000:\000C\000a\000m\000e\000r\000a\000P\000i\000n\000h\000o\000l\000e\000\040\000C\000l\000a\000s\000s\000\040\000R\000e\000f\000e\000r\000e\000n\000c\000e}{chapter.3}% 13
\BOOKMARK [2][-]{subsection.3.2.1}{\376\377\000D\000e\000t\000a\000i\000l\000e\000d\000\040\000D\000e\000s\000c\000r\000i\000p\000t\000i\000o\000n}{section.3.2}% 14
\BOOKMARK [2][-]{subsection.3.2.2}{\376\377\000C\000o\000n\000s\000t\000r\000u\000c\000t\000o\000r\000\040\000\046\000\040\000D\000e\000s\000t\000r\000u\000c\000t\000o\000r\000\040\000D\000o\000c\000u\000m\000e\000n\000t\000a\000t\000i\000o\000n}{section.3.2}% 15
\BOOKMARK [3][-]{subsubsection.3.2.2.1}{\376\377\000C\000a\000m\000e\000r\000a\000P\000i\000n\000h\000o\000l\000e}{subsection.3.2.2}% 16
\BOOKMARK [3][-]{subsubsection.3.2.2.2}{\376\377\000C\000a\000m\000e\000r\000a\000P\000i\000n\000h\000o\000l\000e}{subsection.3.2.2}% 17
\BOOKMARK [2][-]{subsection.3.2.3}{\376\377\000M\000e\000m\000b\000e\000r\000\040\000F\000u\000n\000c\000t\000i\000o\000n\000\040\000D\000o\000c\000u\000m\000e\000n\000t\000a\000t\000i\000o\000n}{section.3.2}% 18
\BOOKMARK [3][-]{subsubsection.3.2.3.1}{\376\377\000c\000o\000m\000p\000u\000t\000e\000P\000r\000o\000j\000e\000c\000t\000i\000o\000n\000M\000a\000t\000r\000i\000x}{subsection.3.2.3}% 19
\BOOKMARK [3][-]{subsubsection.3.2.3.2}{\376\377\000c\000o\000n\000v\000e\000r\000t\000F\000r\000o\000m\000I\000m\000a\000g\000e\000T\000o\0003\000D\000r\000a\000y}{subsection.3.2.3}% 20
\BOOKMARK [3][-]{subsubsection.3.2.3.3}{\376\377\000n\000o\000r\000m\000I\000m\000a\000g\000e\000T\000o\000P\000i\000x\000e\000l\000C\000o\000o\000r\000d\000i\000n\000a\000t\000e\000s}{subsection.3.2.3}% 21
\BOOKMARK [3][-]{subsubsection.3.2.3.4}{\376\377\000p\000i\000x\000e\000l\000T\000o\000N\000o\000r\000m\000I\000m\000a\000g\000e\000C\000o\000o\000r\000d\000i\000n\000a\000t\000e\000s}{subsection.3.2.3}% 22
\BOOKMARK [3][-]{subsubsection.3.2.3.5}{\376\377\000u\000p\000d\000a\000t\000e\000I\000n\000t\000r\000i\000n\000s\000i\000c\000M\000a\000t\000r\000i\000x}{subsection.3.2.3}% 23
\BOOKMARK [2][-]{subsection.3.2.4}{\376\377\000M\000e\000m\000b\000e\000r\000\040\000D\000a\000t\000a\000\040\000D\000o\000c\000u\000m\000e\000n\000t\000a\000t\000i\000o\000n}{section.3.2}% 24
\BOOKMARK [3][-]{subsubsection.3.2.4.1}{\376\377\000e\000s\000t\000i\000m\000a\000t\000i\000o\000n\000\137\000n\000e\000e\000d\000e\000d\000\137}{subsection.3.2.4}% 25
\BOOKMARK [1][-]{section.3.3}{\376\377\000O\000p\000e\000n\000c\000v\000S\000f\000M\000:\000:\000C\000a\000m\000e\000r\000a\000P\000i\000n\000h\000o\000l\000e\000D\000i\000s\000t\000o\000r\000\040\000C\000l\000a\000s\000s\000\040\000R\000e\000f\000e\000r\000e\000n\000c\000e}{chapter.3}% 26
\BOOKMARK [2][-]{subsection.3.3.1}{\376\377\000D\000e\000t\000a\000i\000l\000e\000d\000\040\000D\000e\000s\000c\000r\000i\000p\000t\000i\000o\000n}{section.3.3}% 27
\BOOKMARK [2][-]{subsection.3.3.2}{\376\377\000C\000o\000n\000s\000t\000r\000u\000c\000t\000o\000r\000\040\000\046\000\040\000D\000e\000s\000t\000r\000u\000c\000t\000o\000r\000\040\000D\000o\000c\000u\000m\000e\000n\000t\000a\000t\000i\000o\000n}{section.3.3}% 28
\BOOKMARK [3][-]{subsubsection.3.3.2.1}{\376\377\000C\000a\000m\000e\000r\000a\000P\000i\000n\000h\000o\000l\000e\000D\000i\000s\000t\000o\000r}{subsection.3.3.2}% 29
\BOOKMARK [3][-]{subsubsection.3.3.2.2}{\376\377\000C\000a\000m\000e\000r\000a\000P\000i\000n\000h\000o\000l\000e\000D\000i\000s\000t\000o\000r}{subsection.3.3.2}% 30
\BOOKMARK [2][-]{subsection.3.3.3}{\376\377\000M\000e\000m\000b\000e\000r\000\040\000F\000u\000n\000c\000t\000i\000o\000n\000\040\000D\000o\000c\000u\000m\000e\000n\000t\000a\000t\000i\000o\000n}{section.3.3}% 31
\BOOKMARK [3][-]{subsubsection.3.3.3.1}{\376\377\000c\000o\000n\000v\000e\000r\000t\000F\000r\000o\000m\000I\000m\000a\000g\000e\000T\000o\0003\000D\000r\000a\000y}{subsection.3.3.3}% 32
\BOOKMARK [3][-]{subsubsection.3.3.3.2}{\376\377\000n\000o\000r\000m\000I\000m\000a\000g\000e\000T\000o\000P\000i\000x\000e\000l\000C\000o\000o\000r\000d\000i\000n\000a\000t\000e\000s}{subsection.3.3.3}% 33
\BOOKMARK [3][-]{subsubsection.3.3.3.3}{\376\377\000p\000i\000x\000e\000l\000T\000o\000N\000o\000r\000m\000I\000m\000a\000g\000e\000C\000o\000o\000r\000d\000i\000n\000a\000t\000e\000s}{subsection.3.3.3}% 34
\BOOKMARK [3][-]{subsubsection.3.3.3.4}{\376\377\000u\000p\000d\000a\000t\000e\000D\000i\000s\000t\000o\000r\000t\000i\000o\000n\000P\000a\000r\000a\000m\000e\000t\000e\000r\000s}{subsection.3.3.3}% 35
\BOOKMARK [1][-]{section.3.4}{\376\377\000O\000p\000e\000n\000c\000v\000S\000f\000M\000:\000:\000M\000o\000t\000i\000o\000n\000E\000s\000t\000i\000m\000a\000t\000o\000r\000\040\000C\000l\000a\000s\000s\000\040\000R\000e\000f\000e\000r\000e\000n\000c\000e}{chapter.3}% 36
\BOOKMARK [2][-]{subsection.3.4.1}{\376\377\000D\000e\000t\000a\000i\000l\000e\000d\000\040\000D\000e\000s\000c\000r\000i\000p\000t\000i\000o\000n}{section.3.4}% 37
\BOOKMARK [1][-]{section.3.5}{\376\377\000O\000p\000e\000n\000c\000v\000S\000f\000M\000:\000:\000M\000o\000t\000i\000o\000n\000P\000r\000o\000c\000e\000s\000s\000o\000r\000\040\000C\000l\000a\000s\000s\000\040\000R\000e\000f\000e\000r\000e\000n\000c\000e}{chapter.3}% 38
\BOOKMARK [2][-]{subsection.3.5.1}{\376\377\000D\000e\000t\000a\000i\000l\000e\000d\000\040\000D\000e\000s\000c\000r\000i\000p\000t\000i\000o\000n}{section.3.5}% 39
\BOOKMARK [2][-]{subsection.3.5.2}{\376\377\000M\000e\000m\000b\000e\000r\000\040\000F\000u\000n\000c\000t\000i\000o\000n\000\040\000D\000o\000c\000u\000m\000e\000n\000t\000a\000t\000i\000o\000n}{section.3.5}% 40
\BOOKMARK [3][-]{subsubsection.3.5.2.1}{\376\377\000g\000e\000t\000F\000r\000a\000m\000e}{subsection.3.5.2}% 41
\BOOKMARK [3][-]{subsubsection.3.5.2.2}{\376\377\000g\000e\000t\000P\000r\000o\000p\000e\000r\000t\000y}{subsection.3.5.2}% 42
\BOOKMARK [3][-]{subsubsection.3.5.2.3}{\376\377\000s\000e\000t\000I\000n\000p\000u\000t\000S\000o\000u\000r\000c\000e}{subsection.3.5.2}% 43
\BOOKMARK [3][-]{subsubsection.3.5.2.4}{\376\377\000s\000e\000t\000I\000n\000p\000u\000t\000S\000o\000u\000r\000c\000e}{subsection.3.5.2}% 44
\BOOKMARK [3][-]{subsubsection.3.5.2.5}{\376\377\000s\000e\000t\000I\000n\000p\000u\000t\000S\000o\000u\000r\000c\000e}{subsection.3.5.2}% 45
\BOOKMARK [3][-]{subsubsection.3.5.2.6}{\376\377\000s\000e\000t\000P\000r\000o\000p\000e\000r\000t\000y}{subsection.3.5.2}% 46
\BOOKMARK [2][-]{subsection.3.5.3}{\376\377\000M\000e\000m\000b\000e\000r\000\040\000D\000a\000t\000a\000\040\000D\000o\000c\000u\000m\000e\000n\000t\000a\000t\000i\000o\000n}{section.3.5}% 47
\BOOKMARK [3][-]{subsubsection.3.5.3.1}{\376\377\000s\000o\000u\000r\000c\000e\000N\000a\000m\000e\000\137}{subsection.3.5.3}% 48
\BOOKMARK [3][-]{subsubsection.3.5.3.2}{\376\377\000s\000u\000f\000f\000i\000x\000\137}{subsection.3.5.3}% 49
\BOOKMARK [1][-]{section.3.6}{\376\377\000O\000p\000e\000n\000c\000v\000S\000f\000M\000:\000:\000P\000o\000i\000n\000t\000O\000f\000V\000i\000e\000w\000\040\000C\000l\000a\000s\000s\000\040\000R\000e\000f\000e\000r\000e\000n\000c\000e}{chapter.3}% 50
\BOOKMARK [2][-]{subsection.3.6.1}{\376\377\000D\000e\000t\000a\000i\000l\000e\000d\000\040\000D\000e\000s\000c\000r\000i\000p\000t\000i\000o\000n}{section.3.6}% 51
\BOOKMARK [2][-]{subsection.3.6.2}{\376\377\000C\000o\000n\000s\000t\000r\000u\000c\000t\000o\000r\000\040\000\046\000\040\000D\000e\000s\000t\000r\000u\000c\000t\000o\000r\000\040\000D\000o\000c\000u\000m\000e\000n\000t\000a\000t\000i\000o\000n}{section.3.6}% 52
\BOOKMARK [3][-]{subsubsection.3.6.2.1}{\376\377\000P\000o\000i\000n\000t\000O\000f\000V\000i\000e\000w}{subsection.3.6.2}% 53
\BOOKMARK [3][-]{subsubsection.3.6.2.2}{\376\377\000P\000o\000i\000n\000t\000O\000f\000V\000i\000e\000w}{subsection.3.6.2}% 54
\BOOKMARK [2][-]{subsection.3.6.3}{\376\377\000M\000e\000m\000b\000e\000r\000\040\000F\000u\000n\000c\000t\000i\000o\000n\000\040\000D\000o\000c\000u\000m\000e\000n\000t\000a\000t\000i\000o\000n}{section.3.6}% 55
\BOOKMARK [3][-]{subsubsection.3.6.3.1}{\376\377\000g\000e\000t\000I\000n\000t\000r\000a\000P\000a\000r\000a\000m\000e\000t\000e\000r\000s}{subsection.3.6.3}% 56
\BOOKMARK [1][-]{section.3.7}{\376\377\000O\000p\000e\000n\000c\000v\000S\000f\000M\000:\000:\000P\000o\000i\000n\000t\000s\0003\000D\000E\000s\000t\000i\000m\000\040\000C\000l\000a\000s\000s\000\040\000R\000e\000f\000e\000r\000e\000n\000c\000e}{chapter.3}% 57
\BOOKMARK [2][-]{subsection.3.7.1}{\376\377\000D\000e\000t\000a\000i\000l\000e\000d\000\040\000D\000e\000s\000c\000r\000i\000p\000t\000i\000o\000n}{section.3.7}% 58
\BOOKMARK [1][-]{section.3.8}{\376\377\000O\000p\000e\000n\000c\000v\000S\000f\000M\000:\000:\000P\000o\000i\000n\000t\000s\000M\000a\000t\000c\000h\000e\000r\000\040\000C\000l\000a\000s\000s\000\040\000R\000e\000f\000e\000r\000e\000n\000c\000e}{chapter.3}% 59
\BOOKMARK [2][-]{subsection.3.8.1}{\376\377\000D\000e\000t\000a\000i\000l\000e\000d\000\040\000D\000e\000s\000c\000r\000i\000p\000t\000i\000o\000n}{section.3.8}% 60
\BOOKMARK [1][-]{section.3.9}{\376\377\000O\000p\000e\000n\000c\000v\000S\000f\000M\000:\000:\000P\000o\000i\000n\000t\000s\000T\000o\000T\000r\000a\000c\000k\000\040\000C\000l\000a\000s\000s\000\040\000R\000e\000f\000e\000r\000e\000n\000c\000e}{chapter.3}% 61
\BOOKMARK [2][-]{subsection.3.9.1}{\376\377\000D\000e\000t\000a\000i\000l\000e\000d\000\040\000D\000e\000s\000c\000r\000i\000p\000t\000i\000o\000n}{section.3.9}% 62
\BOOKMARK [2][-]{subsection.3.9.2}{\376\377\000C\000o\000n\000s\000t\000r\000u\000c\000t\000o\000r\000\040\000\046\000\040\000D\000e\000s\000t\000r\000u\000c\000t\000o\000r\000\040\000D\000o\000c\000u\000m\000e\000n\000t\000a\000t\000i\000o\000n}{section.3.9}% 63
\BOOKMARK [3][-]{subsubsection.3.9.2.1}{\376\377\000P\000o\000i\000n\000t\000s\000T\000o\000T\000r\000a\000c\000k}{subsection.3.9.2}% 64
\BOOKMARK [3][-]{subsubsection.3.9.2.2}{\376\377\000P\000o\000i\000n\000t\000s\000T\000o\000T\000r\000a\000c\000k}{subsection.3.9.2}% 65
\BOOKMARK [2][-]{subsection.3.9.3}{\376\377\000M\000e\000m\000b\000e\000r\000\040\000F\000u\000n\000c\000t\000i\000o\000n\000\040\000D\000o\000c\000u\000m\000e\000n\000t\000a\000t\000i\000o\000n}{section.3.9}% 66
\BOOKMARK [3][-]{subsubsection.3.9.3.1}{\376\377\000a\000d\000d\000K\000e\000y\000p\000o\000i\000n\000t\000s}{subsection.3.9.3}% 67
\BOOKMARK [3][-]{subsubsection.3.9.3.2}{\376\377\000c\000o\000m\000p\000u\000t\000e\000D\000e\000s\000c\000r\000i\000p\000t\000o\000r\000s}{subsection.3.9.3}% 68
\BOOKMARK [3][-]{subsubsection.3.9.3.3}{\376\377\000c\000o\000m\000p\000u\000t\000e\000K\000e\000y\000p\000o\000i\000n\000t\000s}{subsection.3.9.3}% 69
\BOOKMARK [3][-]{subsubsection.3.9.3.4}{\376\377\000c\000o\000m\000p\000u\000t\000e\000K\000e\000y\000p\000o\000i\000n\000t\000s\000A\000n\000d\000D\000e\000s\000c}{subsection.3.9.3}% 70
\BOOKMARK [3][-]{subsubsection.3.9.3.5}{\376\377\000g\000e\000t\000D\000e\000s\000c\000r\000i\000p\000t\000o\000r\000s}{subsection.3.9.3}% 71
\BOOKMARK [3][-]{subsubsection.3.9.3.6}{\376\377\000g\000e\000t\000K\000e\000y\000p\000o\000i\000n\000t\000s}{subsection.3.9.3}% 72
\BOOKMARK [3][-]{subsubsection.3.9.3.7}{\376\377\000p\000r\000i\000n\000t\000P\000o\000i\000n\000t\000s\000O\000n\000I\000m\000a\000g\000e}{subsection.3.9.3}% 73
\BOOKMARK [1][-]{section.3.10}{\376\377\000O\000p\000e\000n\000c\000v\000S\000f\000M\000:\000:\000P\000o\000i\000n\000t\000s\000T\000o\000T\000r\000a\000c\000k\000W\000i\000t\000h\000I\000m\000a\000g\000e\000\040\000C\000l\000a\000s\000s\000\040\000R\000e\000f\000e\000r\000e\000n\000c\000e}{chapter.3}% 74
\BOOKMARK [2][-]{subsection.3.10.1}{\376\377\000D\000e\000t\000a\000i\000l\000e\000d\000\040\000D\000e\000s\000c\000r\000i\000p\000t\000i\000o\000n}{section.3.10}% 75
\BOOKMARK [2][-]{subsection.3.10.2}{\376\377\000C\000o\000n\000s\000t\000r\000u\000c\000t\000o\000r\000\040\000\046\000\040\000D\000e\000s\000t\000r\000u\000c\000t\000o\000r\000\040\000D\000o\000c\000u\000m\000e\000n\000t\000a\000t\000i\000o\000n}{section.3.10}% 76
\BOOKMARK [3][-]{subsubsection.3.10.2.1}{\376\377\000P\000o\000i\000n\000t\000s\000T\000o\000T\000r\000a\000c\000k\000W\000i\000t\000h\000I\000m\000a\000g\000e}{subsection.3.10.2}% 77
\BOOKMARK [3][-]{subsubsection.3.10.2.2}{\376\377\000P\000o\000i\000n\000t\000s\000T\000o\000T\000r\000a\000c\000k\000W\000i\000t\000h\000I\000m\000a\000g\000e}{subsection.3.10.2}% 78
\BOOKMARK [2][-]{subsection.3.10.3}{\376\377\000M\000e\000m\000b\000e\000r\000\040\000F\000u\000n\000c\000t\000i\000o\000n\000\040\000D\000o\000c\000u\000m\000e\000n\000t\000a\000t\000i\000o\000n}{section.3.10}% 79
\BOOKMARK [3][-]{subsubsection.3.10.3.1}{\376\377\000c\000o\000m\000p\000u\000t\000e\000D\000e\000s\000c\000r\000i\000p\000t\000o\000r\000s}{subsection.3.10.3}% 80
\BOOKMARK [3][-]{subsubsection.3.10.3.2}{\376\377\000c\000o\000m\000p\000u\000t\000e\000K\000e\000y\000p\000o\000i\000n\000t\000s}{subsection.3.10.3}% 81
\BOOKMARK [3][-]{subsubsection.3.10.3.3}{\376\377\000s\000e\000t\000D\000e\000s\000c\000r\000i\000p\000t\000o\000r\000E\000x\000t\000r\000a\000c\000t\000o\000r}{subsection.3.10.3}% 82
\BOOKMARK [3][-]{subsubsection.3.10.3.4}{\376\377\000s\000e\000t\000F\000e\000a\000t\000u\000r\000e\000D\000e\000t\000e\000c\000t\000o\000r}{subsection.3.10.3}% 83
