This is pdfTeX, Version 3.1415926-1.40.10 (MiKTeX 2.8) (preloaded format=pdflatex 2011.5.28)  30 MAY 2011 17:59
entering extended mode
**D:/Travail/These/Determination*caracteristiques*camera/GSoC/SfM/Documentation
/latex/refman.tex

("D:/Travail/These/Determination caracteristiques camera/GSoC/SfM/Documentation
/latex/refman.tex"
LaTeX2e <2009/09/24>
Babel <v3.8l> and hyphenation patterns for english, dumylang, nohyphenation, ge
rman, ngerman, german-x-2009-06-19, ngerman-x-2009-06-19, french, loaded.
("C:\Program Files (x86)\MiKTeX 2.8\tex\latex\base\book.cls"
Document Class: book 2007/10/19 v1.4h Standard LaTeX document class
("C:\Program Files (x86)\MiKTeX 2.8\tex\latex\base\bk10.clo"
File: bk10.clo 2007/10/19 v1.4h Standard LaTeX file (size option)
)
\c@part=\count79
\c@chapter=\count80
\c@section=\count81
\c@subsection=\count82
\c@subsubsection=\count83
\c@paragraph=\count84
\c@subparagraph=\count85
\c@figure=\count86
\c@table=\count87
\abovecaptionskip=\skip41
\belowcaptionskip=\skip42
\bibindent=\dimen102
)
("C:\Program Files (x86)\MiKTeX 2.8\tex\latex\base\makeidx.sty"
Package: makeidx 2000/03/29 v1.0m Standard LaTeX package
)
("C:\Program Files (x86)\MiKTeX 2.8\tex\latex\graphics\graphicx.sty"
Package: graphicx 1999/02/16 v1.0f Enhanced LaTeX Graphics (DPC,SPQR)

("C:\Program Files (x86)\MiKTeX 2.8\tex\latex\graphics\keyval.sty"
Package: keyval 1999/03/16 v1.13 key=value parser (DPC)
\KV@toks@=\toks14
)
("C:\Program Files (x86)\MiKTeX 2.8\tex\latex\graphics\graphics.sty"
Package: graphics 2009/02/05 v1.0o Standard LaTeX Graphics (DPC,SPQR)

("C:\Program Files (x86)\MiKTeX 2.8\tex\latex\graphics\trig.sty"
Package: trig 1999/03/16 v1.09 sin cos tan (DPC)
)
("C:\Program Files (x86)\MiKTeX 2.8\tex\latex\00miktex\graphics.cfg"
File: graphics.cfg 2007/01/18 v1.5 graphics configuration of teTeX/TeXLive
)
Package graphics Info: Driver file: pdftex.def on input line 91.

("C:\Program Files (x86)\MiKTeX 2.8\tex\latex\pdftex-def\pdftex.def"
File: pdftex.def 2009/08/25 v0.04m Graphics/color for pdfTeX
\Gread@gobject=\count88
))
\Gin@req@height=\dimen103
\Gin@req@width=\dimen104
)
("C:\Program Files (x86)\MiKTeX 2.8\tex\latex\tools\multicol.sty"
Package: multicol 2008/12/05 v1.6h multicolumn formatting (FMi)
\c@tracingmulticols=\count89
\mult@box=\box26
\multicol@leftmargin=\dimen105
\c@unbalance=\count90
\c@collectmore=\count91
\doublecol@number=\count92
\multicoltolerance=\count93
\multicolpretolerance=\count94
\full@width=\dimen106
\page@free=\dimen107
\premulticols=\dimen108
\postmulticols=\dimen109
\multicolsep=\skip43
\multicolbaselineskip=\skip44
\partial@page=\box27
\last@line=\box28
\mult@rightbox=\box29
\mult@grightbox=\box30
\mult@gfirstbox=\box31
\mult@firstbox=\box32
\@tempa=\box33
\@tempa=\box34
\@tempa=\box35
\@tempa=\box36
\@tempa=\box37
\@tempa=\box38
\@tempa=\box39
\@tempa=\box40
\@tempa=\box41
\@tempa=\box42
\@tempa=\box43
\@tempa=\box44
\@tempa=\box45
\@tempa=\box46
\@tempa=\box47
\@tempa=\box48
\@tempa=\box49
\c@columnbadness=\count95
\c@finalcolumnbadness=\count96
\last@try=\dimen110
\multicolovershoot=\dimen111
\multicolundershoot=\dimen112
\mult@nat@firstbox=\box50
\colbreak@box=\box51
)
("C:\Program Files (x86)\MiKTeX 2.8\tex\latex\float\float.sty"
Package: float 2001/11/08 v1.3d Float enhancements (AL)
\c@float@type=\count97
\float@exts=\toks15
\float@box=\box52
\@float@everytoks=\toks16
\@floatcapt=\box53
)
(C:\Users\Titi\AppData\Roaming\MiKTeX\2.8\tex\latex\listings\listings.sty
\lst@mode=\count98
\lst@gtempboxa=\box54
\lst@token=\toks17
\lst@length=\count99
\lst@currlwidth=\dimen113
\lst@column=\count100
\lst@pos=\count101
\lst@lostspace=\dimen114
\lst@width=\dimen115
\lst@newlines=\count102
\lst@lineno=\count103
\lst@maxwidth=\dimen116

(C:\Users\Titi\AppData\Roaming\MiKTeX\2.8\tex\latex\listings\lstmisc.sty
File: lstmisc.sty 2007/02/22 1.4 (Carsten Heinz)
\c@lstnumber=\count104
\lst@skipnumbers=\count105
\lst@framebox=\box55
)
(C:\Users\Titi\AppData\Roaming\MiKTeX\2.8\tex\latex\listings\listings.cfg
File: listings.cfg 2007/02/22 1.4 listings configuration
))
Package: listings 2007/02/22 1.4 (Carsten Heinz)

("C:\Program Files (x86)\MiKTeX 2.8\tex\latex\graphics\color.sty"
Package: color 2005/11/14 v1.0j Standard LaTeX Color (DPC)

("C:\Program Files (x86)\MiKTeX 2.8\tex\latex\00miktex\color.cfg"
File: color.cfg 2007/01/18 v1.5 color configuration of teTeX/TeXLive
)
Package color Info: Driver file: pdftex.def on input line 130.
)
("C:\Program Files (x86)\MiKTeX 2.8\tex\latex\base\ifthen.sty"
Package: ifthen 2001/05/26 v1.1c Standard LaTeX ifthen package (DPC)
)
(C:\Users\Titi\AppData\Roaming\MiKTeX\2.8\tex\latex\xcolor\xcolor.sty
Package: xcolor 2007/01/21 v2.11 LaTeX color extensions (UK)

("C:\Program Files (x86)\MiKTeX 2.8\tex\latex\00miktex\color.cfg"
File: color.cfg 2007/01/18 v1.5 color configuration of teTeX/TeXLive
)
Package xcolor Info: Driver file: pdftex.def on input line 225.

(C:\Users\Titi\AppData\Roaming\MiKTeX\2.8\tex\latex\colortbl\colortbl.sty
Package: colortbl 2001/02/13 v0.1j Color table columns (DPC)

("C:\Program Files (x86)\MiKTeX 2.8\tex\latex\tools\array.sty"
Package: array 2008/09/09 v2.4c Tabular extension package (FMi)
\col@sep=\dimen117
\extrarowheight=\dimen118
\NC@list=\toks18
\extratabsurround=\skip45
\backup@length=\skip46
)
\everycr=\toks19
\minrowclearance=\skip47
)
LaTeX Info: Redefining \color on input line 702.
\rownum=\count106
Package xcolor Info: Model `cmy' substituted by `cmy0' on input line 1337.
Package xcolor Info: Model `hsb' substituted by `rgb' on input line 1341.
Package xcolor Info: Model `RGB' extended on input line 1353.
Package xcolor Info: Model `HTML' substituted by `rgb' on input line 1355.
Package xcolor Info: Model `Hsb' substituted by `hsb' on input line 1356.
Package xcolor Info: Model `tHsb' substituted by `hsb' on input line 1357.
Package xcolor Info: Model `HSB' substituted by `hsb' on input line 1358.
Package xcolor Info: Model `Gray' substituted by `gray' on input line 1359.
Package xcolor Info: Model `wave' substituted by `hsb' on input line 1360.
)
("C:\Program Files (x86)\MiKTeX 2.8\tex\latex\base\textcomp.sty"
Package: textcomp 2005/09/27 v1.99g Standard LaTeX package
Package textcomp Info: Sub-encoding information:
(textcomp)               5 = only ISO-Adobe without \textcurrency
(textcomp)               4 = 5 + \texteuro
(textcomp)               3 = 4 + \textohm
(textcomp)               2 = 3 + \textestimated + \textcurrency
(textcomp)               1 = TS1 - \textcircled - \t
(textcomp)               0 = TS1 (full)
(textcomp)             Font families with sub-encoding setting implement
(textcomp)             only a restricted character set as indicated.
(textcomp)             Family '?' is the default used for unknown fonts.
(textcomp)             See the documentation for details.
Package textcomp Info: Setting ? sub-encoding to TS1/1 on input line 71.

("C:\Program Files (x86)\MiKTeX 2.8\tex\latex\base\ts1enc.def"
File: ts1enc.def 2001/06/05 v3.0e (jk/car/fm) Standard LaTeX file
)
LaTeX Info: Redefining \oldstylenums on input line 266.
Package textcomp Info: Setting cmr sub-encoding to TS1/0 on input line 281.
Package textcomp Info: Setting cmss sub-encoding to TS1/0 on input line 282.
Package textcomp Info: Setting cmtt sub-encoding to TS1/0 on input line 283.
Package textcomp Info: Setting cmvtt sub-encoding to TS1/0 on input line 284.
Package textcomp Info: Setting cmbr sub-encoding to TS1/0 on input line 285.
Package textcomp Info: Setting cmtl sub-encoding to TS1/0 on input line 286.
Package textcomp Info: Setting ccr sub-encoding to TS1/0 on input line 287.
Package textcomp Info: Setting ptm sub-encoding to TS1/4 on input line 288.
Package textcomp Info: Setting pcr sub-encoding to TS1/4 on input line 289.
Package textcomp Info: Setting phv sub-encoding to TS1/4 on input line 290.
Package textcomp Info: Setting ppl sub-encoding to TS1/3 on input line 291.
Package textcomp Info: Setting pag sub-encoding to TS1/4 on input line 292.
Package textcomp Info: Setting pbk sub-encoding to TS1/4 on input line 293.
Package textcomp Info: Setting pnc sub-encoding to TS1/4 on input line 294.
Package textcomp Info: Setting pzc sub-encoding to TS1/4 on input line 295.
Package textcomp Info: Setting bch sub-encoding to TS1/4 on input line 296.
Package textcomp Info: Setting put sub-encoding to TS1/5 on input line 297.
Package textcomp Info: Setting uag sub-encoding to TS1/5 on input line 298.
Package textcomp Info: Setting ugq sub-encoding to TS1/5 on input line 299.
Package textcomp Info: Setting ul8 sub-encoding to TS1/4 on input line 300.
Package textcomp Info: Setting ul9 sub-encoding to TS1/4 on input line 301.
Package textcomp Info: Setting augie sub-encoding to TS1/5 on input line 302.
Package textcomp Info: Setting dayrom sub-encoding to TS1/3 on input line 303.
Package textcomp Info: Setting dayroms sub-encoding to TS1/3 on input line 304.

Package textcomp Info: Setting pxr sub-encoding to TS1/0 on input line 305.
Package textcomp Info: Setting pxss sub-encoding to TS1/0 on input line 306.
Package textcomp Info: Setting pxtt sub-encoding to TS1/0 on input line 307.
Package textcomp Info: Setting txr sub-encoding to TS1/0 on input line 308.
Package textcomp Info: Setting txss sub-encoding to TS1/0 on input line 309.
Package textcomp Info: Setting txtt sub-encoding to TS1/0 on input line 310.
Package textcomp Info: Setting futs sub-encoding to TS1/4 on input line 311.
Package textcomp Info: Setting futx sub-encoding to TS1/4 on input line 312.
Package textcomp Info: Setting futj sub-encoding to TS1/4 on input line 313.
Package textcomp Info: Setting hlh sub-encoding to TS1/3 on input line 314.
Package textcomp Info: Setting hls sub-encoding to TS1/3 on input line 315.
Package textcomp Info: Setting hlst sub-encoding to TS1/3 on input line 316.
Package textcomp Info: Setting hlct sub-encoding to TS1/5 on input line 317.
Package textcomp Info: Setting hlx sub-encoding to TS1/5 on input line 318.
Package textcomp Info: Setting hlce sub-encoding to TS1/5 on input line 319.
Package textcomp Info: Setting hlcn sub-encoding to TS1/5 on input line 320.
Package textcomp Info: Setting hlcw sub-encoding to TS1/5 on input line 321.
Package textcomp Info: Setting hlcf sub-encoding to TS1/5 on input line 322.
Package textcomp Info: Setting pplx sub-encoding to TS1/3 on input line 323.
Package textcomp Info: Setting pplj sub-encoding to TS1/3 on input line 324.
Package textcomp Info: Setting ptmx sub-encoding to TS1/4 on input line 325.
Package textcomp Info: Setting ptmj sub-encoding to TS1/4 on input line 326.
)
("C:\Program Files (x86)\MiKTeX 2.8\tex\latex\base\alltt.sty"
Package: alltt 1997/06/16 v2.0g defines alltt environment
)
("C:\Program Files (x86)\MiKTeX 2.8\tex\generic\oberdiek\ifpdf.sty"
Package: ifpdf 2010/01/28 v2.1 Provides the ifpdf switch (HO)
Package ifpdf Info: pdfTeX in pdf mode detected.
)
("C:\Program Files (x86)\MiKTeX 2.8\tex\latex\hyperref\hyperref.sty"
Package: hyperref 2010/02/08 v6.80e Hypertext links for LaTeX

("C:\Program Files (x86)\MiKTeX 2.8\tex\generic\oberdiek\kvsetkeys.sty"
Package: kvsetkeys 2010/01/28 v1.8 Key value parser (HO)

("C:\Program Files (x86)\MiKTeX 2.8\tex\generic\oberdiek\infwarerr.sty"
Package: infwarerr 2007/09/09 v1.2 Providing info/warning/message (HO)
)
("C:\Program Files (x86)\MiKTeX 2.8\tex\generic\oberdiek\etexcmds.sty"
Package: etexcmds 2010/01/28 v1.3 Prefix for e-TeX command names (HO)
Package etexcmds Info: Could not find \expanded.
(etexcmds)             That can mean that you are not using pdfTeX 1.50 or
(etexcmds)             that some package has redefined \expanded.
(etexcmds)             In the latter case, load this package earlier.
))
("C:\Program Files (x86)\MiKTeX 2.8\tex\generic\oberdiek\pdfescape.sty"
Package: pdfescape 2007/11/11 v1.8 Provides hex, PDF name and string conversion
s (HO)

("C:\Program Files (x86)\MiKTeX 2.8\tex\generic\oberdiek\pdftexcmds.sty"
Package: pdftexcmds 2009/12/12 v0.7 Utility functions of pdfTeX for LuaTeX (HO)


("C:\Program Files (x86)\MiKTeX 2.8\tex\generic\oberdiek\ifluatex.sty"
Package: ifluatex 2009/04/17 v1.2 Provides the ifluatex switch (HO)
Package ifluatex Info: LuaTeX not detected.
)
("C:\Program Files (x86)\MiKTeX 2.8\tex\generic\oberdiek\ltxcmds.sty"
Package: ltxcmds 2010/01/28 v1.2 LaTeX kernel commands for general use (HO)
)
Package pdftexcmds Info: LuaTeX not detected.
Package pdftexcmds Info: \pdf@primitive is available.
Package pdftexcmds Info: \pdf@ifprimitive is available.
))
("C:\Program Files (x86)\MiKTeX 2.8\tex\generic\oberdiek\ifvtex.sty"
Package: ifvtex 2008/11/04 v1.4 Switches for detecting VTeX and its modes (HO)
Package ifvtex Info: VTeX not detected.
)
("C:\Program Files (x86)\MiKTeX 2.8\tex\latex\ifxetex\ifxetex.sty"
Package: ifxetex 2009/01/23 v0.5 Provides ifxetex conditional
)
("C:\Program Files (x86)\MiKTeX 2.8\tex\latex\oberdiek\hycolor.sty"
Package: hycolor 2009/12/12 v1.6 Color options of hyperref/bookmark (HO)

("C:\Program Files (x86)\MiKTeX 2.8\tex\latex\oberdiek\xcolor-patch.sty"
Package: xcolor-patch 2009/12/12 xcolor patch
))
("C:\Program Files (x86)\MiKTeX 2.8\tex\latex\oberdiek\letltxmacro.sty"
Package: letltxmacro 2008/06/24 v1.3 Let assignment for LaTeX macros (HO)
)
\@linkdim=\dimen119
\Hy@linkcounter=\count107
\Hy@pagecounter=\count108

("C:\Program Files (x86)\MiKTeX 2.8\tex\latex\hyperref\pd1enc.def"
File: pd1enc.def 2010/02/08 v6.80e Hyperref: PDFDocEncoding definition (HO)
)
("C:\Program Files (x86)\MiKTeX 2.8\tex\generic\oberdiek\intcalc.sty"
Package: intcalc 2007/09/27 v1.1 Expandable integer calculations (HO)
)
("C:\Program Files (x86)\MiKTeX 2.8\tex\latex\00miktex\hyperref.cfg"
File: hyperref.cfg 2002/06/06 v1.2 hyperref configuration of TeXLive
)
("C:\Program Files (x86)\MiKTeX 2.8\tex\latex\oberdiek\kvoptions.sty"
Package: kvoptions 2009/12/08 v3.6 Keyval support for LaTeX options (HO)
)
Package hyperref Info: Option `colorlinks' set `true' on input line 3215.
Package hyperref Info: Option `unicode' set `true' on input line 3215.

("C:\Program Files (x86)\MiKTeX 2.8\tex\latex\hyperref\puenc.def"
File: puenc.def 2010/02/08 v6.80e Hyperref: PDF Unicode definition (HO)
)
Package hyperref Info: Hyper figures OFF on input line 3296.
Package hyperref Info: Link nesting OFF on input line 3301.
Package hyperref Info: Hyper index ON on input line 3304.
Package hyperref Info: Plain pages OFF on input line 3311.
Package hyperref Info: Backreferencing ON on input line 3314.

Implicit mode ON; LaTeX internals redefined
Package hyperref Info: Bookmarks ON on input line 3512.
("C:\Program Files (x86)\MiKTeX 2.8\tex\latex\hyperref\backref.sty"
Package: backref 2010/01/25 v1.34 Bibliographical back referencing

("C:\Program Files (x86)\MiKTeX 2.8\tex\latex\oberdiek\rerunfilecheck.sty"
Package: rerunfilecheck 2010/01/25 v1.3 Rerun checks for auxiliary files (HO)

("C:\Program Files (x86)\MiKTeX 2.8\tex\latex\oberdiek\atveryend.sty"
Package: atveryend 2010/01/25 v1.4 Hooks at very end of document (HO)
Package atveryend Info: \enddocument detected (standard).
)
("C:\Program Files (x86)\MiKTeX 2.8\tex\generic\oberdiek\uniquecounter.sty"
Package: uniquecounter 2009/12/18 v1.1 Provides unlimited unique counter (HO)

("C:\Program Files (x86)\MiKTeX 2.8\tex\generic\oberdiek\bigintcalc.sty"
Package: bigintcalc 2007/11/11 v1.1 Expandable big integer calculations (HO)
))
Package uniquecounter Info: New unique counter `rerunfilecheck' on input line 2
70.
))
("C:\Program Files (x86)\MiKTeX 2.8\tex\latex\ltxmisc\url.sty"
\Urlmuskip=\muskip10
Package: url 2006/04/12  ver 3.3  Verb mode for urls, etc.
)
LaTeX Info: Redefining \url on input line 3749.

("C:\Program Files (x86)\MiKTeX 2.8\tex\generic\oberdiek\bitset.sty"
Package: bitset 2007/09/28 v1.0 Data type bit set (HO)
)
\Fld@menulength=\count109
\Field@Width=\dimen120
\Fld@charsize=\dimen121
\Field@toks=\toks20
Package hyperref Info: Hyper figures OFF on input line 4708.
Package hyperref Info: Link nesting OFF on input line 4713.
Package hyperref Info: Hyper index ON on input line 4716.
Package hyperref Info: backreferencing ON on input line 4721.
Package hyperref Info: Link coloring ON on input line 4726.
Package hyperref Info: Link coloring with OCG OFF on input line 4733.
Package hyperref Info: PDF/A mode OFF on input line 4738.
LaTeX Info: Redefining \ref on input line 4778.
LaTeX Info: Redefining \pageref on input line 4782.

("C:\Program Files (x86)\MiKTeX 2.8\tex\generic\oberdiek\atbegshi.sty"
Package: atbegshi 2009/12/02 v1.10 At begin shipout hook (HO)
)
\Hy@abspage=\count110
\c@Item=\count111
\c@Hfootnote=\count112
)
*hyperref using driver hpdftex*
("C:\Program Files (x86)\MiKTeX 2.8\tex\latex\hyperref\hpdftex.def"
File: hpdftex.def 2010/02/08 v6.80e Hyperref driver for pdfTeX
\Fld@listcount=\count113
\c@bookmark@seq@number=\count114
\Hy@SectionHShift=\skip48
)
("C:\Program Files (x86)\MiKTeX 2.8\tex\latex\base\inputenc.sty"
Package: inputenc 2008/03/30 v1.1d Input encoding file
\inpenc@prehook=\toks21
\inpenc@posthook=\toks22

("C:\Program Files (x86)\MiKTeX 2.8\tex\latex\base\utf8.def"
File: utf8.def 2008/04/05 v1.1m UTF-8 support for inputenc
Now handling font encoding OML ...
... no UTF-8 mapping file for font encoding OML
Now handling font encoding T1 ...
... processing UTF-8 mapping file for font encoding T1

("C:\Program Files (x86)\MiKTeX 2.8\tex\latex\base\t1enc.dfu"
File: t1enc.dfu 2008/04/05 v1.1m UTF-8 support for inputenc
   defining Unicode char U+00A1 (decimal 161)
   defining Unicode char U+00A3 (decimal 163)
   defining Unicode char U+00AB (decimal 171)
   defining Unicode char U+00BB (decimal 187)
   defining Unicode char U+00BF (decimal 191)
   defining Unicode char U+00C0 (decimal 192)
   defining Unicode char U+00C1 (decimal 193)
   defining Unicode char U+00C2 (decimal 194)
   defining Unicode char U+00C3 (decimal 195)
   defining Unicode char U+00C4 (decimal 196)
   defining Unicode char U+00C5 (decimal 197)
   defining Unicode char U+00C6 (decimal 198)
   defining Unicode char U+00C7 (decimal 199)
   defining Unicode char U+00C8 (decimal 200)
   defining Unicode char U+00C9 (decimal 201)
   defining Unicode char U+00CA (decimal 202)
   defining Unicode char U+00CB (decimal 203)
   defining Unicode char U+00CC (decimal 204)
   defining Unicode char U+00CD (decimal 205)
   defining Unicode char U+00CE (decimal 206)
   defining Unicode char U+00CF (decimal 207)
   defining Unicode char U+00D0 (decimal 208)
   defining Unicode char U+00D1 (decimal 209)
   defining Unicode char U+00D2 (decimal 210)
   defining Unicode char U+00D3 (decimal 211)
   defining Unicode char U+00D4 (decimal 212)
   defining Unicode char U+00D5 (decimal 213)
   defining Unicode char U+00D6 (decimal 214)
   defining Unicode char U+00D8 (decimal 216)
   defining Unicode char U+00D9 (decimal 217)
   defining Unicode char U+00DA (decimal 218)
   defining Unicode char U+00DB (decimal 219)
   defining Unicode char U+00DC (decimal 220)
   defining Unicode char U+00DD (decimal 221)
   defining Unicode char U+00DE (decimal 222)
   defining Unicode char U+00DF (decimal 223)
   defining Unicode char U+00E0 (decimal 224)
   defining Unicode char U+00E1 (decimal 225)
   defining Unicode char U+00E2 (decimal 226)
   defining Unicode char U+00E3 (decimal 227)
   defining Unicode char U+00E4 (decimal 228)
   defining Unicode char U+00E5 (decimal 229)
   defining Unicode char U+00E6 (decimal 230)
   defining Unicode char U+00E7 (decimal 231)
   defining Unicode char U+00E8 (decimal 232)
   defining Unicode char U+00E9 (decimal 233)
   defining Unicode char U+00EA (decimal 234)
   defining Unicode char U+00EB (decimal 235)
   defining Unicode char U+00EC (decimal 236)
   defining Unicode char U+00ED (decimal 237)
   defining Unicode char U+00EE (decimal 238)
   defining Unicode char U+00EF (decimal 239)
   defining Unicode char U+00F0 (decimal 240)
   defining Unicode char U+00F1 (decimal 241)
   defining Unicode char U+00F2 (decimal 242)
   defining Unicode char U+00F3 (decimal 243)
   defining Unicode char U+00F4 (decimal 244)
   defining Unicode char U+00F5 (decimal 245)
   defining Unicode char U+00F6 (decimal 246)
   defining Unicode char U+00F8 (decimal 248)
   defining Unicode char U+00F9 (decimal 249)
   defining Unicode char U+00FA (decimal 250)
   defining Unicode char U+00FB (decimal 251)
   defining Unicode char U+00FC (decimal 252)
   defining Unicode char U+00FD (decimal 253)
   defining Unicode char U+00FE (decimal 254)
   defining Unicode char U+00FF (decimal 255)
   defining Unicode char U+0102 (decimal 258)
   defining Unicode char U+0103 (decimal 259)
   defining Unicode char U+0104 (decimal 260)
   defining Unicode char U+0105 (decimal 261)
   defining Unicode char U+0106 (decimal 262)
   defining Unicode char U+0107 (decimal 263)
   defining Unicode char U+010C (decimal 268)
   defining Unicode char U+010D (decimal 269)
   defining Unicode char U+010E (decimal 270)
   defining Unicode char U+010F (decimal 271)
   defining Unicode char U+0110 (decimal 272)
   defining Unicode char U+0111 (decimal 273)
   defining Unicode char U+0118 (decimal 280)
   defining Unicode char U+0119 (decimal 281)
   defining Unicode char U+011A (decimal 282)
   defining Unicode char U+011B (decimal 283)
   defining Unicode char U+011E (decimal 286)
   defining Unicode char U+011F (decimal 287)
   defining Unicode char U+0130 (decimal 304)
   defining Unicode char U+0131 (decimal 305)
   defining Unicode char U+0132 (decimal 306)
   defining Unicode char U+0133 (decimal 307)
   defining Unicode char U+0139 (decimal 313)
   defining Unicode char U+013A (decimal 314)
   defining Unicode char U+013D (decimal 317)
   defining Unicode char U+013E (decimal 318)
   defining Unicode char U+0141 (decimal 321)
   defining Unicode char U+0142 (decimal 322)
   defining Unicode char U+0143 (decimal 323)
   defining Unicode char U+0144 (decimal 324)
   defining Unicode char U+0147 (decimal 327)
   defining Unicode char U+0148 (decimal 328)
   defining Unicode char U+014A (decimal 330)
   defining Unicode char U+014B (decimal 331)
   defining Unicode char U+0150 (decimal 336)
   defining Unicode char U+0151 (decimal 337)
   defining Unicode char U+0152 (decimal 338)
   defining Unicode char U+0153 (decimal 339)
   defining Unicode char U+0154 (decimal 340)
   defining Unicode char U+0155 (decimal 341)
   defining Unicode char U+0158 (decimal 344)
   defining Unicode char U+0159 (decimal 345)
   defining Unicode char U+015A (decimal 346)
   defining Unicode char U+015B (decimal 347)
   defining Unicode char U+015E (decimal 350)
   defining Unicode char U+015F (decimal 351)
   defining Unicode char U+0160 (decimal 352)
   defining Unicode char U+0161 (decimal 353)
   defining Unicode char U+0162 (decimal 354)
   defining Unicode char U+0163 (decimal 355)
   defining Unicode char U+0164 (decimal 356)
   defining Unicode char U+0165 (decimal 357)
   defining Unicode char U+016E (decimal 366)
   defining Unicode char U+016F (decimal 367)
   defining Unicode char U+0170 (decimal 368)
   defining Unicode char U+0171 (decimal 369)
   defining Unicode char U+0178 (decimal 376)
   defining Unicode char U+0179 (decimal 377)
   defining Unicode char U+017A (decimal 378)
   defining Unicode char U+017B (decimal 379)
   defining Unicode char U+017C (decimal 380)
   defining Unicode char U+017D (decimal 381)
   defining Unicode char U+017E (decimal 382)
   defining Unicode char U+200C (decimal 8204)
   defining Unicode char U+2013 (decimal 8211)
   defining Unicode char U+2014 (decimal 8212)
   defining Unicode char U+2018 (decimal 8216)
   defining Unicode char U+2019 (decimal 8217)
   defining Unicode char U+201A (decimal 8218)
   defining Unicode char U+201C (decimal 8220)
   defining Unicode char U+201D (decimal 8221)
   defining Unicode char U+201E (decimal 8222)
   defining Unicode char U+2030 (decimal 8240)
   defining Unicode char U+2031 (decimal 8241)
   defining Unicode char U+2039 (decimal 8249)
   defining Unicode char U+203A (decimal 8250)
   defining Unicode char U+2423 (decimal 9251)
)
Now handling font encoding OT1 ...
... processing UTF-8 mapping file for font encoding OT1

("C:\Program Files (x86)\MiKTeX 2.8\tex\latex\base\ot1enc.dfu"
File: ot1enc.dfu 2008/04/05 v1.1m UTF-8 support for inputenc
   defining Unicode char U+00A1 (decimal 161)
   defining Unicode char U+00A3 (decimal 163)
   defining Unicode char U+00B8 (decimal 184)
   defining Unicode char U+00BF (decimal 191)
   defining Unicode char U+00C5 (decimal 197)
   defining Unicode char U+00C6 (decimal 198)
   defining Unicode char U+00D8 (decimal 216)
   defining Unicode char U+00DF (decimal 223)
   defining Unicode char U+00E6 (decimal 230)
   defining Unicode char U+00EC (decimal 236)
   defining Unicode char U+00ED (decimal 237)
   defining Unicode char U+00EE (decimal 238)
   defining Unicode char U+00EF (decimal 239)
   defining Unicode char U+00F8 (decimal 248)
   defining Unicode char U+0131 (decimal 305)
   defining Unicode char U+0141 (decimal 321)
   defining Unicode char U+0142 (decimal 322)
   defining Unicode char U+0152 (decimal 338)
   defining Unicode char U+0153 (decimal 339)
   defining Unicode char U+2013 (decimal 8211)
   defining Unicode char U+2014 (decimal 8212)
   defining Unicode char U+2018 (decimal 8216)
   defining Unicode char U+2019 (decimal 8217)
   defining Unicode char U+201C (decimal 8220)
   defining Unicode char U+201D (decimal 8221)
)
Now handling font encoding OMS ...
... processing UTF-8 mapping file for font encoding OMS

("C:\Program Files (x86)\MiKTeX 2.8\tex\latex\base\omsenc.dfu"
File: omsenc.dfu 2008/04/05 v1.1m UTF-8 support for inputenc
   defining Unicode char U+00A7 (decimal 167)
   defining Unicode char U+00B6 (decimal 182)
   defining Unicode char U+00B7 (decimal 183)
   defining Unicode char U+2020 (decimal 8224)
   defining Unicode char U+2021 (decimal 8225)
   defining Unicode char U+2022 (decimal 8226)
)
Now handling font encoding OMX ...
... no UTF-8 mapping file for font encoding OMX
Now handling font encoding U ...
... no UTF-8 mapping file for font encoding U
Now handling font encoding TS1 ...
... processing UTF-8 mapping file for font encoding TS1

("C:\Program Files (x86)\MiKTeX 2.8\tex\latex\base\ts1enc.dfu"
File: ts1enc.dfu 2008/04/05 v1.1m UTF-8 support for inputenc
   defining Unicode char U+00A2 (decimal 162)
   defining Unicode char U+00A3 (decimal 163)
   defining Unicode char U+00A4 (decimal 164)
   defining Unicode char U+00A5 (decimal 165)
   defining Unicode char U+00A6 (decimal 166)
   defining Unicode char U+00A7 (decimal 167)
   defining Unicode char U+00A8 (decimal 168)
   defining Unicode char U+00A9 (decimal 169)
   defining Unicode char U+00AA (decimal 170)
   defining Unicode char U+00AC (decimal 172)
   defining Unicode char U+00AE (decimal 174)
   defining Unicode char U+00AF (decimal 175)
   defining Unicode char U+00B0 (decimal 176)
   defining Unicode char U+00B1 (decimal 177)
   defining Unicode char U+00B2 (decimal 178)
   defining Unicode char U+00B3 (decimal 179)
   defining Unicode char U+00B4 (decimal 180)
   defining Unicode char U+00B5 (decimal 181)
   defining Unicode char U+00B6 (decimal 182)
   defining Unicode char U+00B7 (decimal 183)
   defining Unicode char U+00B9 (decimal 185)
   defining Unicode char U+00BA (decimal 186)
   defining Unicode char U+00BC (decimal 188)
   defining Unicode char U+00BD (decimal 189)
   defining Unicode char U+00BE (decimal 190)
   defining Unicode char U+00D7 (decimal 215)
   defining Unicode char U+00F7 (decimal 247)
   defining Unicode char U+0192 (decimal 402)
   defining Unicode char U+02C7 (decimal 711)
   defining Unicode char U+02D8 (decimal 728)
   defining Unicode char U+02DD (decimal 733)
   defining Unicode char U+0E3F (decimal 3647)
   defining Unicode char U+2016 (decimal 8214)
   defining Unicode char U+2020 (decimal 8224)
   defining Unicode char U+2021 (decimal 8225)
   defining Unicode char U+2022 (decimal 8226)
   defining Unicode char U+2030 (decimal 8240)
   defining Unicode char U+2031 (decimal 8241)
   defining Unicode char U+203B (decimal 8251)
   defining Unicode char U+203D (decimal 8253)
   defining Unicode char U+2044 (decimal 8260)
   defining Unicode char U+204E (decimal 8270)
   defining Unicode char U+2052 (decimal 8274)
   defining Unicode char U+20A1 (decimal 8353)
   defining Unicode char U+20A4 (decimal 8356)
   defining Unicode char U+20A6 (decimal 8358)
   defining Unicode char U+20A9 (decimal 8361)
   defining Unicode char U+20AB (decimal 8363)
   defining Unicode char U+20AC (decimal 8364)
   defining Unicode char U+20B1 (decimal 8369)
   defining Unicode char U+2103 (decimal 8451)
   defining Unicode char U+2116 (decimal 8470)
   defining Unicode char U+2117 (decimal 8471)
   defining Unicode char U+211E (decimal 8478)
   defining Unicode char U+2120 (decimal 8480)
   defining Unicode char U+2122 (decimal 8482)
   defining Unicode char U+2126 (decimal 8486)
   defining Unicode char U+2127 (decimal 8487)
   defining Unicode char U+212E (decimal 8494)
   defining Unicode char U+2190 (decimal 8592)
   defining Unicode char U+2191 (decimal 8593)
   defining Unicode char U+2192 (decimal 8594)
   defining Unicode char U+2193 (decimal 8595)
   defining Unicode char U+2329 (decimal 9001)
   defining Unicode char U+232A (decimal 9002)
   defining Unicode char U+2422 (decimal 9250)
   defining Unicode char U+25E6 (decimal 9702)
   defining Unicode char U+25EF (decimal 9711)
   defining Unicode char U+266A (decimal 9834)
)
Now handling font encoding PD1 ...
... no UTF-8 mapping file for font encoding PD1
Now handling font encoding PU ...
... no UTF-8 mapping file for font encoding PU
   defining Unicode char U+00A9 (decimal 169)
   defining Unicode char U+00AA (decimal 170)
   defining Unicode char U+00AE (decimal 174)
   defining Unicode char U+00BA (decimal 186)
   defining Unicode char U+02C6 (decimal 710)
   defining Unicode char U+02DC (decimal 732)
   defining Unicode char U+200C (decimal 8204)
   defining Unicode char U+2026 (decimal 8230)
   defining Unicode char U+2122 (decimal 8482)
   defining Unicode char U+2423 (decimal 9251)
))
("C:\Program Files (x86)\MiKTeX 2.8\tex\latex\psnfss\mathptmx.sty"
Package: mathptmx 2005/04/12 PSNFSS-v9.2a Times w/ Math, improved (SPQR, WaS) 
LaTeX Font Info:    Redeclaring symbol font `operators' on input line 28.
LaTeX Font Info:    Overwriting symbol font `operators' in version `normal'
(Font)                  OT1/cmr/m/n --> OT1/ztmcm/m/n on input line 28.
LaTeX Font Info:    Overwriting symbol font `operators' in version `bold'
(Font)                  OT1/cmr/bx/n --> OT1/ztmcm/m/n on input line 28.
LaTeX Font Info:    Redeclaring symbol font `letters' on input line 29.
LaTeX Font Info:    Overwriting symbol font `letters' in version `normal'
(Font)                  OML/cmm/m/it --> OML/ztmcm/m/it on input line 29.
LaTeX Font Info:    Overwriting symbol font `letters' in version `bold'
(Font)                  OML/cmm/b/it --> OML/ztmcm/m/it on input line 29.
LaTeX Font Info:    Redeclaring symbol font `symbols' on input line 30.
LaTeX Font Info:    Overwriting symbol font `symbols' in version `normal'
(Font)                  OMS/cmsy/m/n --> OMS/ztmcm/m/n on input line 30.
LaTeX Font Info:    Overwriting symbol font `symbols' in version `bold'
(Font)                  OMS/cmsy/b/n --> OMS/ztmcm/m/n on input line 30.
LaTeX Font Info:    Redeclaring symbol font `largesymbols' on input line 31.
LaTeX Font Info:    Overwriting symbol font `largesymbols' in version `normal'
(Font)                  OMX/cmex/m/n --> OMX/ztmcm/m/n on input line 31.
LaTeX Font Info:    Overwriting symbol font `largesymbols' in version `bold'
(Font)                  OMX/cmex/m/n --> OMX/ztmcm/m/n on input line 31.
\symbold=\mathgroup4
\symitalic=\mathgroup5
LaTeX Font Info:    Redeclaring math alphabet \mathbf on input line 34.
LaTeX Font Info:    Overwriting math alphabet `\mathbf' in version `normal'
(Font)                  OT1/cmr/bx/n --> OT1/ptm/bx/n on input line 34.
LaTeX Font Info:    Overwriting math alphabet `\mathbf' in version `bold'
(Font)                  OT1/cmr/bx/n --> OT1/ptm/bx/n on input line 34.
LaTeX Font Info:    Redeclaring math alphabet \mathit on input line 35.
LaTeX Font Info:    Overwriting math alphabet `\mathit' in version `normal'
(Font)                  OT1/cmr/m/it --> OT1/ptm/m/it on input line 35.
LaTeX Font Info:    Overwriting math alphabet `\mathit' in version `bold'
(Font)                  OT1/cmr/bx/it --> OT1/ptm/m/it on input line 35.
LaTeX Info: Redefining \hbar on input line 50.
)
("C:\Program Files (x86)\MiKTeX 2.8\tex\latex\psnfss\helvet.sty"
Package: helvet 2005/04/12 PSNFSS-v9.2a (WaS) 
)
("C:\Program Files (x86)\MiKTeX 2.8\tex\latex\psnfss\courier.sty"
Package: courier 2005/04/12 PSNFSS-v9.2a (WaS) 
)
(C:\Users\Titi\AppData\Roaming\MiKTeX\2.8\tex\latex\sectsty\sectsty.sty
Package: sectsty 2002/02/25 v2.0.2 Commands to change all sectional heading sty
les
)
(C:\Users\Titi\AppData\Roaming\MiKTeX\2.8\tex\latex\tocloft\tocloft.sty
Package: tocloft 2010/10/13 v2.3e parameterised ToC, etc., typesetting
Package tocloft Info: The document has chapter divisions on input line 43.
\cftparskip=\skip49
\cftbeforetoctitleskip=\skip50
\cftaftertoctitleskip=\skip51
\cftbeforepartskip=\skip52
\cftpartnumwidth=\skip53
\cftpartindent=\skip54
\cftbeforechapskip=\skip55
\cftchapindent=\skip56
\cftchapnumwidth=\skip57
\cftbeforesecskip=\skip58
\cftsecindent=\skip59
\cftsecnumwidth=\skip60
\cftbeforesubsecskip=\skip61
\cftsubsecindent=\skip62
\cftsubsecnumwidth=\skip63
\cftbeforesubsubsecskip=\skip64
\cftsubsubsecindent=\skip65
\cftsubsubsecnumwidth=\skip66
\cftbeforeparaskip=\skip67
\cftparaindent=\skip68
\cftparanumwidth=\skip69
\cftbeforesubparaskip=\skip70
\cftsubparaindent=\skip71
\cftsubparanumwidth=\skip72
\cftbeforeloftitleskip=\skip73
\cftafterloftitleskip=\skip74
\cftbeforefigskip=\skip75
\cftfigindent=\skip76
\cftfignumwidth=\skip77
\c@lofdepth=\count115
\c@lotdepth=\count116
\cftbeforelottitleskip=\skip78
\cftafterlottitleskip=\skip79
\cftbeforetabskip=\skip80
\cfttabindent=\skip81
\cfttabnumwidth=\skip82
)
("D:\Travail\These\Determination caracteristiques camera\GSoC\SfM\Documentation
\latex\doxygen.sty"
Package: doxygen 
 ("C:\Program Files (x86)\MiKTeX 2.8\tex\latex\tools\calc.sty"
Package: calc 2007/08/22 v4.3 Infix arithmetic (KKT,FJ)
\calc@Acount=\count117
\calc@Bcount=\count118
\calc@Adimen=\dimen122
\calc@Bdimen=\dimen123
\calc@Askip=\skip83
\calc@Bskip=\skip84
LaTeX Info: Redefining \setlength on input line 76.
LaTeX Info: Redefining \addtolength on input line 77.
\calc@Ccount=\count119
\calc@Cskip=\skip85
) (C:\Users\Titi\AppData\Roaming\MiKTeX\2.8\tex\latex\fancyhdr\fancyhdr.sty
\fancy@headwidth=\skip86
\f@ncyO@elh=\skip87
\f@ncyO@erh=\skip88
\f@ncyO@olh=\skip89
\f@ncyO@orh=\skip90
\f@ncyO@elf=\skip91
\f@ncyO@erf=\skip92
\f@ncyO@olf=\skip93
\f@ncyO@orf=\skip94
)
("C:\Program Files (x86)\MiKTeX 2.8\tex\latex\tools\longtable.sty"
Package: longtable 2004/02/01 v4.11 Multi-page Table package (DPC)
\LTleft=\skip95
\LTright=\skip96
\LTpre=\skip97
\LTpost=\skip98
\LTchunksize=\count120
\LTcapwidth=\dimen124
\LT@head=\box56
\LT@firsthead=\box57
\LT@foot=\box58
\LT@lastfoot=\box59
\LT@cols=\count121
\LT@rows=\count122
\c@LT@tables=\count123
\c@LT@chunks=\count124
\LT@p@ftn=\toks23
)
("C:\Program Files (x86)\MiKTeX 2.8\tex\latex\tools\verbatim.sty"
Package: verbatim 2003/08/22 v1.5q LaTeX2e package for verbatim enhancements
\every@verbatim=\toks24
\verbatim@line=\toks25
\verbatim@in@stream=\read1
)
\tmplength=\skip99

("C:\Program Files (x86)\MiKTeX 2.8\tex\latex\base\fontenc.sty"
Package: fontenc 2005/09/27 v1.99g Standard LaTeX package

("C:\Program Files (x86)\MiKTeX 2.8\tex\latex\base\t1enc.def"
File: t1enc.def 2005/09/27 v1.99g Standard LaTeX file
LaTeX Font Info:    Redeclaring font encoding T1 on input line 43.
)))
(C:\Users\Titi\AppData\Roaming\MiKTeX\2.8\tex\latex\listings\lstlang1.sty
File: lstlang1.sty 2004/09/05 1.3 listings language file
)
(C:\Users\Titi\AppData\Roaming\MiKTeX\2.8\tex\latex\listings\lstlang1.sty
File: lstlang1.sty 2004/09/05 1.3 listings language file
)
(C:\Users\Titi\AppData\Roaming\MiKTeX\2.8\tex\latex\listings\lstmisc.sty
File: lstmisc.sty 2007/02/22 1.4 (Carsten Heinz)
)
("C:\Program Files (x86)\MiKTeX 2.8\tex\latex\ams\math\amsmath.sty"
Package: amsmath 2000/07/18 v2.13 AMS math features
\@mathmargin=\skip100

For additional information on amsmath, use the `?' option.
("C:\Program Files (x86)\MiKTeX 2.8\tex\latex\ams\math\amstext.sty"
Package: amstext 2000/06/29 v2.01

("C:\Program Files (x86)\MiKTeX 2.8\tex\latex\ams\math\amsgen.sty"
File: amsgen.sty 1999/11/30 v2.0
\@emptytoks=\toks26
\ex@=\dimen125
))
("C:\Program Files (x86)\MiKTeX 2.8\tex\latex\ams\math\amsbsy.sty"
Package: amsbsy 1999/11/29 v1.2d
\pmbraise@=\dimen126
)
("C:\Program Files (x86)\MiKTeX 2.8\tex\latex\ams\math\amsopn.sty"
Package: amsopn 1999/12/14 v2.01 operator names
)
\inf@bad=\count125
LaTeX Info: Redefining \frac on input line 211.
\uproot@=\count126
\leftroot@=\count127
LaTeX Info: Redefining \overline on input line 307.
\classnum@=\count128
\DOTSCASE@=\count129
LaTeX Info: Redefining \ldots on input line 379.
LaTeX Info: Redefining \dots on input line 382.
LaTeX Info: Redefining \cdots on input line 467.
\Mathstrutbox@=\box60
\strutbox@=\box61
\big@size=\dimen127
LaTeX Font Info:    Redeclaring font encoding OML on input line 567.
LaTeX Font Info:    Redeclaring font encoding OMS on input line 568.
\macc@depth=\count130
\c@MaxMatrixCols=\count131
\dotsspace@=\muskip11
\c@parentequation=\count132
\dspbrk@lvl=\count133
\tag@help=\toks27
\row@=\count134
\column@=\count135
\maxfields@=\count136
\andhelp@=\toks28
\eqnshift@=\dimen128
\alignsep@=\dimen129
\tagshift@=\dimen130
\tagwidth@=\dimen131
\totwidth@=\dimen132
\lineht@=\dimen133
\@envbody=\toks29
\multlinegap=\skip101
\multlinetaggap=\skip102
\mathdisplay@stack=\toks30
LaTeX Info: Redefining \[ on input line 2666.
LaTeX Info: Redefining \] on input line 2667.
)
\@indexfile=\write3

Writing index file refman.idx

("D:\Travail\These\Determination caracteristiques camera\GSoC\SfM\Documentation
\latex\refman.aux")
LaTeX Font Info:    Checking defaults for OML/cmm/m/it on input line 42.
LaTeX Font Info:    ... okay on input line 42.
LaTeX Font Info:    Checking defaults for T1/cmr/m/n on input line 42.
LaTeX Font Info:    ... okay on input line 42.
LaTeX Font Info:    Checking defaults for OT1/cmr/m/n on input line 42.
LaTeX Font Info:    ... okay on input line 42.
LaTeX Font Info:    Checking defaults for OMS/cmsy/m/n on input line 42.
LaTeX Font Info:    ... okay on input line 42.
LaTeX Font Info:    Checking defaults for OMX/cmex/m/n on input line 42.
LaTeX Font Info:    ... okay on input line 42.
LaTeX Font Info:    Checking defaults for U/cmr/m/n on input line 42.
LaTeX Font Info:    ... okay on input line 42.
LaTeX Font Info:    Checking defaults for TS1/cmr/m/n on input line 42.
LaTeX Font Info:    Try loading font information for TS1+cmr on input line 42.
 ("C:\Program Files (x86)\MiKTeX 2.8\tex\latex\base\ts1cmr.fd"
File: ts1cmr.fd 1999/05/25 v2.5h Standard LaTeX font definitions
)
LaTeX Font Info:    ... okay on input line 42.
LaTeX Font Info:    Checking defaults for PD1/pdf/m/n on input line 42.
LaTeX Font Info:    ... okay on input line 42.
LaTeX Font Info:    Checking defaults for PU/pdf/m/n on input line 42.
LaTeX Font Info:    ... okay on input line 42.
LaTeX Font Info:    Try loading font information for T1+phv on input line 42.
 ("C:\Program Files (x86)\MiKTeX 2.8\tex\latex\psnfss\t1phv.fd"
File: t1phv.fd 2001/06/04 scalable font definitions for T1/phv.
)
LaTeX Font Info:    Font shape `T1/phv/m/n' will be
(Font)              scaled to size 8.99994pt on input line 42.

("C:\Program Files (x86)\MiKTeX 2.8\tex\context\base\supp-pdf.tex"
[Loading MPS to PDF converter (version 2006.09.02).]
\scratchcounter=\count137
\scratchdimen=\dimen134
\scratchbox=\box62
\nofMPsegments=\count138
\nofMParguments=\count139
\everyMPshowfont=\toks31
\MPscratchCnt=\count140
\MPscratchDim=\dimen135
\MPnumerator=\count141
\everyMPtoPDFconversion=\toks32
)
\c@lstlisting=\count142
Package hyperref Info: Link coloring ON on input line 42.
 ("C:\Program Files (x86)\MiKTeX 2.8\tex\latex\hyperref\nameref.sty"
Package: nameref 2010/01/25 v2.36 Cross-referencing by name of section

("C:\Program Files (x86)\MiKTeX 2.8\tex\latex\oberdiek\refcount.sty"
Package: refcount 2008/08/11 v3.1 Data extraction from references (HO)
)
("C:\Program Files (x86)\MiKTeX 2.8\tex\generic\oberdiek\gettitlestring.sty"
Package: gettitlestring 2009/12/18 v1.3 Cleanup title references (HO)
)
\c@section@level=\count143
)
LaTeX Info: Redefining \ref on input line 42.
LaTeX Info: Redefining \pageref on input line 42.

("D:\Travail\These\Determination caracteristiques camera\GSoC\SfM\Documentation
\latex\refman.out")
("D:\Travail\These\Determination caracteristiques camera\GSoC\SfM\Documentation
\latex\refman.out")
\@outlinefile=\write4
\AtBeginShipoutBox=\box63
Package hyperref Info: Option `pageanchor' set `false' on input line 43.
LaTeX Font Info:    Font shape `T1/phv/m/n' will be
(Font)              scaled to size 12.9599pt on input line 47.
LaTeX Font Info:    Font shape `T1/phv/m/n' will be
(Font)              scaled to size 10.79993pt on input line 47.
LaTeX Font Info:    Font shape `T1/phv/m/n' will be
(Font)              scaled to size 8.09995pt on input line 51.
 [1


{C:/Users/Titi/AppData/Local/MiKTeX/2.8/pdftex/config/pdftex.map}] [2

]
LaTeX Font Info:    Font shape `T1/phv/m/n' will be
(Font)              scaled to size 22.39185pt on input line 56.
LaTeX Font Info:    Font shape `T1/phv/bx/n' in size <24.88> not available
(Font)              Font shape `T1/phv/b/n' tried instead on input line 56.
LaTeX Font Info:    Font shape `T1/phv/b/n' will be
(Font)              scaled to size 22.39185pt on input line 56.
LaTeX Font Info:    Try loading font information for OT1+phv on input line 56.
 ("C:\Program Files (x86)\MiKTeX 2.8\tex\latex\psnfss\ot1phv.fd"
File: ot1phv.fd 2001/06/04 scalable font definitions for OT1/phv.
)
LaTeX Font Info:    Font shape `OT1/phv/bc/n' will be
(Font)              scaled to size 22.39185pt on input line 56.

("D:\Travail\These\Determination caracteristiques camera\GSoC\SfM\Documentation
\latex\refman.toc"
LaTeX Font Info:    Font shape `T1/phv/bx/n' in size <10> not available
(Font)              Font shape `T1/phv/b/n' tried instead on input line 1.
LaTeX Font Info:    Font shape `T1/phv/b/n' will be
(Font)              scaled to size 8.99994pt on input line 1.
LaTeX Font Info:    Try loading font information for OT1+ztmcm on input line 1.


("C:\Program Files (x86)\MiKTeX 2.8\tex\latex\psnfss\ot1ztmcm.fd"
File: ot1ztmcm.fd 2000/01/03 Fontinst v1.801 font definitions for OT1/ztmcm.
)
LaTeX Font Info:    Try loading font information for OML+ztmcm on input line 1.


("C:\Program Files (x86)\MiKTeX 2.8\tex\latex\psnfss\omlztmcm.fd"
File: omlztmcm.fd 2000/01/03 Fontinst v1.801 font definitions for OML/ztmcm.
)
LaTeX Font Info:    Try loading font information for OMS+ztmcm on input line 1.


("C:\Program Files (x86)\MiKTeX 2.8\tex\latex\psnfss\omsztmcm.fd"
File: omsztmcm.fd 2000/01/03 Fontinst v1.801 font definitions for OMS/ztmcm.
)
LaTeX Font Info:    Try loading font information for OMX+ztmcm on input line 1.


("C:\Program Files (x86)\MiKTeX 2.8\tex\latex\psnfss\omxztmcm.fd"
File: omxztmcm.fd 2000/01/03 Fontinst v1.801 font definitions for OMX/ztmcm.
)
LaTeX Font Info:    Try loading font information for OT1+ptm on input line 1.

("C:\Program Files (x86)\MiKTeX 2.8\tex\latex\psnfss\ot1ptm.fd"
File: ot1ptm.fd 2001/06/04 font definitions for OT1/ptm.
)
LaTeX Font Info:    Font shape `OT1/ptm/bx/n' in size <10> not available
(Font)              Font shape `OT1/ptm/b/n' tried instead on input line 1.
LaTeX Font Info:    Font shape `OT1/ptm/bx/n' in size <7.4> not available
(Font)              Font shape `OT1/ptm/b/n' tried instead on input line 1.
LaTeX Font Info:    Font shape `OT1/ptm/bx/n' in size <6> not available
(Font)              Font shape `OT1/ptm/b/n' tried instead on input line 1.
 [1

]
LaTeX Font Info:    Font shape `T1/phv/bx/n' in size <7> not available
(Font)              Font shape `T1/phv/b/n' tried instead on input line 60.
LaTeX Font Info:    Font shape `T1/phv/b/n' will be
(Font)              scaled to size 6.29996pt on input line 60.
 [2])
\tf@toc=\write5

[3] [4

]
Package hyperref Info: Option `pageanchor' set `true' on input line 59.

Chapter 1.
LaTeX Font Info:    Font shape `T1/phv/m/n' will be
(Font)              scaled to size 18.66588pt on input line 60.
LaTeX Font Info:    Font shape `T1/phv/bx/n' in size <20.74> not available
(Font)              Font shape `T1/phv/b/n' tried instead on input line 60.
LaTeX Font Info:    Font shape `T1/phv/b/n' will be
(Font)              scaled to size 18.66588pt on input line 60.
LaTeX Font Info:    Font shape `OT1/phv/bc/n' will be
(Font)              scaled to size 18.66588pt on input line 60.

("D:\Travail\These\Determination caracteristiques camera\GSoC\SfM\Documentation
\latex\hierarchy.tex"
LaTeX Font Info:    Font shape `T1/phv/bx/n' in size <14.4> not available
(Font)              Font shape `T1/phv/b/n' tried instead on input line 1.
LaTeX Font Info:    Font shape `T1/phv/b/n' will be
(Font)              scaled to size 12.9599pt on input line 1.
LaTeX Font Info:    Font shape `OT1/phv/bc/n' will be
(Font)              scaled to size 12.9599pt on input line 1.
) [1

] [2

]
Chapter 2.

("D:\Travail\These\Determination caracteristiques camera\GSoC\SfM\Documentation
\latex\annotated.tex") [3] [4

]
Chapter 3.

("D:\Travail\These\Determination caracteristiques camera\GSoC\SfM\Documentation
\latex\class_opencv_sf_m_1_1_camera.tex"
LaTeX Font Info:    Try loading font information for T1+pcr on input line 12.

("C:\Program Files (x86)\MiKTeX 2.8\tex\latex\psnfss\t1pcr.fd"
File: t1pcr.fd 2001/06/04 font definitions for T1/pcr.
)
<class_opencv_sf_m_1_1_camera.pdf, id=505, 501.875pt x 283.0575pt>
File: class_opencv_sf_m_1_1_camera.pdf Graphic file (type pdf)

<use class_opencv_sf_m_1_1_camera.pdf>
LaTeX Font Info:    Font shape `T1/phv/bx/n' in size <12> not available
(Font)              Font shape `T1/phv/b/n' tried instead on input line 20.
LaTeX Font Info:    Font shape `T1/phv/b/n' will be
(Font)              scaled to size 10.79993pt on input line 20.
LaTeX Font Info:    Font shape `OT1/phv/bc/n' will be
(Font)              scaled to size 10.79993pt on input line 20.
LaTeX Font Info:    Try loading font information for TS1+phv on input line 23.

("C:\Program Files (x86)\MiKTeX 2.8\tex\latex\psnfss\ts1phv.fd"
File: ts1phv.fd 2001/06/04 scalable font definitions for TS1/phv.
)
LaTeX Font Info:    Font shape `TS1/phv/m/n' will be
(Font)              scaled to size 8.99994pt on input line 23.

Overfull \hbox (10.42914pt too wide) in paragraph at lines 23--25
[]\T1/phv/m/n/10 virtual std::vector$\OML/ztmcm/m/it/10 <$ \T1/phv/m/n/10 cv::V
ec4d $\OML/ztmcm/m/it/10 >$ [][]\T1/phv/m/n/10 con-vert-FromIm-ageTo3Dray[][] (
std::vector$\OML/ztmcm/m/it/10 <$ \T1/phv/m/n/10 cv::Vec3d
 []


Overfull \hbox (25.70181pt too wide) in paragraph at lines 25--27
[]\T1/phv/m/n/10 virtual std::vector$\OML/ztmcm/m/it/10 <$ \T1/phv/m/n/10 cv::V
ec2d $\OML/ztmcm/m/it/10 >$ [][]\T1/phv/m/n/10 pix-elToNormIm-age-Co-or-di-nate
s[][] (std::vector$\OML/ztmcm/m/it/10 <$ \T1/phv/m/n/10 cv::Vec2d
 []


Overfull \hbox (25.20677pt too wide) in paragraph at lines 27--29
[]\T1/phv/m/n/10 virtual std::vector$\OML/ztmcm/m/it/10 <$ \T1/phv/m/n/10 cv::V
ec2d $\OML/ztmcm/m/it/10 >$ [][]\T1/phv/m/n/10 normIm-age-ToPix-el-Co-or-di-nat
es[][] (std::vector$\OML/ztmcm/m/it/10 <$ \T1/phv/m/n/10 cv::Vec2d
 []

LaTeX Font Info:    Font shape `T1/phv/m/it' in size <9> not available
(Font)              Font shape `T1/phv/m/sl' tried instead on input line 38.
LaTeX Font Info:    Font shape `T1/phv/m/sl' will be
(Font)              scaled to size 8.09995pt on input line 38.
[5 <D:/Travail/These/Determination caracteristiques camera/GSoC/SfM/Documentati
on/latex/class_opencv_sf_m_1_1_camera.pdf>]
LaTeX Font Info:    Font shape `T1/phv/m/n' will be
(Font)              scaled to size 6.65994pt on input line 58.
LaTeX Font Info:    Font shape `T1/phv/m/n' will be
(Font)              scaled to size 5.39996pt on input line 58.
 [6]
LaTeX Font Info:    Font shape `OT1/phv/bc/n' will be
(Font)              scaled to size 8.99994pt on input line 75.
LaTeX Font Info:    Font shape `OT1/phv/bc/it' in size <10> not available
(Font)              Font shape `OT1/phv/bc/sl' tried instead on input line 75.
LaTeX Font Info:    Font shape `OT1/phv/bc/sl' will be
(Font)              scaled to size 8.99994pt on input line 75.
LaTeX Font Info:    Try loading font information for OT1+pcr on input line 75.

("C:\Program Files (x86)\MiKTeX 2.8\tex\latex\psnfss\ot1pcr.fd"
File: ot1pcr.fd 2001/06/04 font definitions for OT1/pcr.
)

LaTeX Font Warning: Font shape `OT1/pcr/bc/n' undefined
(Font)              using `OT1/pcr/m/n' instead on input line 75.

LaTeX Font Info:    Font shape `T1/phv/m/it' in size <10> not available
(Font)              Font shape `T1/phv/m/sl' tried instead on input line 79.
LaTeX Font Info:    Font shape `T1/phv/m/sl' will be
(Font)              scaled to size 8.99994pt on input line 79.

Overfull \hbox (21.88861pt too wide) in alignment at lines 78--83
 [] [] 
 []


Underfull \vbox (badness 10000) detected at line 83
 []


Overfull \hbox (21.88861pt too wide) in alignment at lines 114--117
 [] [] 
 []


Underfull \vbox (badness 10000) detected at line 117
 []

[7]
Overfull \hbox (21.88861pt too wide) in alignment at lines 135--138
 [] [] 
 []


Underfull \vbox (badness 10000) detected at line 138
 []


Overfull \hbox (1.90593pt too wide) in paragraph at lines 150--151
[]\T1/phv/m/n/10 D:/Travail/These/Determination car-ac-ter-is-tiques cam-er-a/G
-SoC/SfM/s-r-c/-Cam-era.h 
 []


Overfull \hbox (11.4098pt too wide) in paragraph at lines 151--151
[]\T1/phv/m/n/10 D:/Travail/These/Determination car-ac-ter-is-tiques cam-er-a/G
-SoC/SfM/s-r-c/-Cam-era.cpp 
 []

)
("D:\Travail\These\Determination caracteristiques camera\GSoC\SfM\Documentation
\latex\class_opencv_sf_m_1_1_camera_pinhole.tex"
<class_opencv_sf_m_1_1_camera_pinhole.pdf, id=562, 501.875pt x 283.0575pt>
File: class_opencv_sf_m_1_1_camera_pinhole.pdf Graphic file (type pdf)

<use class_opencv_sf_m_1_1_camera_pinhole.pdf>
Overfull \hbox (1.90964pt too wide) in paragraph at lines 23--25
[][][]\T1/phv/m/n/10 CameraPinhole[][] (cv::Mat intra_-params=cv::Mat::eye(3, 3
, CV_-64F), un-signed char
 []


Overfull \hbox (7.91429pt too wide) in paragraph at lines 23--25
\T1/phv/m/n/10 wantedEstimation=FOCAL_-PARAM$\OMS/ztmcm/m/n/10 j$\T1/phv/m/n/10
 SKEW_-PARAM$\OMS/ztmcm/m/n/10 j$\T1/phv/m/n/10 PRINCIPAL_-POINT_-PARAM) 
 []


Overfull \hbox (32.51643pt too wide) in paragraph at lines 25--27
\T1/phv/m/n/10 Size, dou-ble as-pec-tRa-tio=1., un-signed char wantedEstimation
=FOCAL_-PARAM$\OMS/ztmcm/m/n/10 j$\T1/phv/m/n/10 SKEW_-
 []


Overfull \hbox (13.97678pt too wide) in paragraph at lines 27--29
[]\T1/phv/m/n/10 void [][]up-dateIn-trin-sic-Ma-trix[][] (cv::Mat new-Params, u
n-signed char intraValues=FOCAL_-
 []


Overfull \hbox (10.42914pt too wide) in paragraph at lines 29--31
[]\T1/phv/m/n/10 virtual std::vector$\OML/ztmcm/m/it/10 <$ \T1/phv/m/n/10 cv::V
ec4d $\OML/ztmcm/m/it/10 >$ [][]\T1/phv/m/n/10 con-vert-FromIm-ageTo3Dray[][] (
std::vector$\OML/ztmcm/m/it/10 <$ \T1/phv/m/n/10 cv::Vec3d
 []


Overfull \hbox (25.70181pt too wide) in paragraph at lines 31--33
[]\T1/phv/m/n/10 virtual std::vector$\OML/ztmcm/m/it/10 <$ \T1/phv/m/n/10 cv::V
ec2d $\OML/ztmcm/m/it/10 >$ [][]\T1/phv/m/n/10 pix-elToNormIm-age-Co-or-di-nate
s[][] (std::vector$\OML/ztmcm/m/it/10 <$ \T1/phv/m/n/10 cv::Vec2d
 []


Overfull \hbox (25.20677pt too wide) in paragraph at lines 33--35
[]\T1/phv/m/n/10 virtual std::vector$\OML/ztmcm/m/it/10 <$ \T1/phv/m/n/10 cv::V
ec2d $\OML/ztmcm/m/it/10 >$ [][]\T1/phv/m/n/10 normIm-age-ToPix-el-Co-or-di-nat
es[][] (std::vector$\OML/ztmcm/m/it/10 <$ \T1/phv/m/n/10 cv::Vec2d
 []

[8 <D:/Travail/These/Determination caracteristiques camera/GSoC/SfM/Documentati
on/latex/class_opencv_sf_m_1_1_camera_pinhole.pdf>]
LaTeX Font Info:    Font shape `OT1/ptm/bx/n' in size <9> not available
(Font)              Font shape `OT1/ptm/b/n' tried instead on input line 44.
LaTeX Font Info:    Font shape `OT1/ptm/bx/n' in size <7> not available
(Font)              Font shape `OT1/ptm/b/n' tried instead on input line 44.
LaTeX Font Info:    Font shape `OT1/ptm/bx/n' in size <5> not available
(Font)              Font shape `OT1/ptm/b/n' tried instead on input line 44.


LaTeX Font Warning: Font shape `OT1/pcr/bc/it' undefined
(Font)              using `OT1/pcr/bc/n' instead on input line 72.


Overfull \hbox (21.88861pt too wide) in alignment at lines 75--80
 [] [] 
 []


Underfull \vbox (badness 10000) detected at line 80
 []

[9]
Underfull \hbox (badness 10000) in paragraph at lines 96--97
[]|\T1/phv/m/n/10 The vec-tor of vec-tors of the ob-ject points. See
 []


Overfull \hbox (47.85168pt too wide) in paragraph at lines 96--97
[][]\T1/pcr/m/n/10 http://opencv.willowgarage.com/documentation/cpp/calib3d_-
 []


Overfull \hbox (83.85168pt too wide) in paragraph at lines 96--97
\T1/pcr/m/n/10 camera_-calibration_-and_-3d_-reconstruction.html#cv-calibrateca
mera[][]| 
 []


Underfull \hbox (badness 4168) in paragraph at lines 98--99
[]|\T1/phv/m/n/10 The vec-tor of vec-tors of the cor-re-spond-ing im-age points
. See
 []


Overfull \hbox (47.85168pt too wide) in paragraph at lines 98--99
[][]\T1/pcr/m/n/10 http://opencv.willowgarage.com/documentation/cpp/calib3d_-
 []


Overfull \hbox (83.85168pt too wide) in paragraph at lines 98--99
\T1/pcr/m/n/10 camera_-calibration_-and_-3d_-reconstruction.html#cv-calibrateca
mera[][]| 
 []


Overfull \hbox (21.88861pt too wide) in alignment at lines 95--106
 [] [] 
 []


Underfull \vbox (badness 10000) detected at line 106
 []


Overfull \hbox (21.88861pt too wide) in alignment at lines 121--126
 [] [] 
 []


Underfull \vbox (badness 10000) detected at line 126
 []

[10]
Overfull \hbox (21.88861pt too wide) in alignment at lines 165--168
 [] [] 
 []


Underfull \vbox (badness 10000) detected at line 168
 []


Overfull \hbox (13.04463pt too wide) in paragraph at lines 191--191
[]\OT1/phv/bc/n/10 virtual std::vector$\OML/ztmcm/m/it/10 <$\OT1/phv/bc/n/10 cv
::Vec2d$\OML/ztmcm/m/it/10 >$ \OT1/phv/bc/n/10 OpencvSfM::CameraPinhole::pixelT
oNormImageCoordinates 
 []


Overfull \hbox (21.88861pt too wide) in alignment at lines 194--197
 [] [] 
 []


Underfull \vbox (badness 10000) detected at line 197
 []


Overfull \hbox (21.88861pt too wide) in alignment at lines 220--225
 [] [] 
 []


Underfull \vbox (badness 10000) detected at line 225
 []


Underfull \vbox (badness 10000) has occurred while \output is active []

 [11]
Overfull \hbox (3.39995pt too wide) in paragraph at lines 250--251
[]\T1/phv/m/n/10 D:/Travail/These/Determination car-ac-ter-is-tiques cam-er-a/G
-SoC/SfM/s-r-c/-Cam-er-aP-
 []


Overfull \hbox (11.4098pt too wide) in paragraph at lines 251--252
[]\T1/phv/m/n/10 D:/Travail/These/Determination car-ac-ter-is-tiques cam-er-a/G
-SoC/SfM/s-r-c/-Cam-era.cpp 
 []


Overfull \hbox (3.39995pt too wide) in paragraph at lines 252--252
[]\T1/phv/m/n/10 D:/Travail/These/Determination car-ac-ter-is-tiques cam-er-a/G
-SoC/SfM/s-r-c/-Cam-er-aP-
 []

)
("D:\Travail\These\Determination caracteristiques camera\GSoC\SfM\Documentation
\latex\class_opencv_sf_m_1_1_camera_pinhole_distor.tex"
<class_opencv_sf_m_1_1_camera_pinhole_distor.pdf, id=622, 501.875pt x 283.0575p
t>
File: class_opencv_sf_m_1_1_camera_pinhole_distor.pdf Graphic file (type pdf)
 <use class_opencv_sf_m_1_1_camera_pinhole_distor.pdf>
Overfull \hbox (8.27252pt too wide) in paragraph at lines 23--25
[][][]\T1/phv/m/n/10 CameraPinholeDistor[][] (cv::Mat intra_-params=cv::Mat::ey
e(3, 3, CV_-64F), cv::Vec6d
 []


Overfull \hbox (5.37225pt too wide) in paragraph at lines 23--25
\T1/phv/m/n/10 radial_-dist=cv::Vec6d(0.0, 0.0, 0.0, 0.0, 0.0, 0.0), un-signed 
char nbRa-di-al-Param=6,
 []


Overfull \hbox (34.85799pt too wide) in paragraph at lines 23--25
\T1/phv/m/n/10 cv::Vec2d tangential_-dist=cv::Vec2d(0.0, 0.0), un-signed char w
antedEstimation=FOCAL_-
 []


Overfull \hbox (23.6601pt too wide) in paragraph at lines 23--25
\T1/phv/m/n/10 PARAM$\OMS/ztmcm/m/n/10 j$\T1/phv/m/n/10 SKEW_-PARAM$\OMS/ztmcm/
m/n/10 j$\T1/phv/m/n/10 PRINCIPAL_-POINT_-PARAM$\OMS/ztmcm/m/n/10 j$\T1/phv/m/n
/10 RADIAL_-PARAM$\OMS/ztmcm/m/n/10 j$\T1/phv/m/n/10 TANGEANT_-
 []


Overfull \hbox (29.11043pt too wide) in paragraph at lines 25--27
\T1/phv/m/n/10 0.0, 0.0, 0.0), un-signed char nbRa-di-al-Param=6, cv::Vec2d tan
gential_-dist=cv::Vec2d(0.0,
 []


Overfull \hbox (22.36067pt too wide) in paragraph at lines 25--27
\T1/phv/m/n/10 0.0), un-signed char wantedEstimation=FOCAL_-PARAM$\OMS/ztmcm/m/
n/10 j$\T1/phv/m/n/10 SKEW_-PARAM$\OMS/ztmcm/m/n/10 j$\T1/phv/m/n/10 PRINCIPAL_
-
 []

[12 <D:/Travail/These/Determination caracteristiques camera/GSoC/SfM/Documentat
ion/latex/class_opencv_sf_m_1_1_camera_pinhole_distor.pdf>]
Overfull \hbox (53.2808pt too wide) in paragraph at lines 27--29
\T1/phv/m/n/10 nbRa-di-al-Param, const cv::Vec2d &tangential_-dist, un-signed c
har wantedEstimation=RADIAL_-
 []


Overfull \hbox (10.42914pt too wide) in paragraph at lines 29--31
[]\T1/phv/m/n/10 virtual std::vector$\OML/ztmcm/m/it/10 <$ \T1/phv/m/n/10 cv::V
ec4d $\OML/ztmcm/m/it/10 >$ [][]\T1/phv/m/n/10 con-vert-FromIm-ageTo3Dray[][] (
std::vector$\OML/ztmcm/m/it/10 <$ \T1/phv/m/n/10 cv::Vec3d
 []


Overfull \hbox (25.70181pt too wide) in paragraph at lines 31--33
[]\T1/phv/m/n/10 virtual std::vector$\OML/ztmcm/m/it/10 <$ \T1/phv/m/n/10 cv::V
ec2d $\OML/ztmcm/m/it/10 >$ [][]\T1/phv/m/n/10 pix-elToNormIm-age-Co-or-di-nate
s[][] (std::vector$\OML/ztmcm/m/it/10 <$ \T1/phv/m/n/10 cv::Vec2d
 []


Overfull \hbox (25.20677pt too wide) in paragraph at lines 33--34
[]\T1/phv/m/n/10 virtual std::vector$\OML/ztmcm/m/it/10 <$ \T1/phv/m/n/10 cv::V
ec2d $\OML/ztmcm/m/it/10 >$ [][]\T1/phv/m/n/10 normIm-age-ToPix-el-Co-or-di-nat
es[][] (std::vector$\OML/ztmcm/m/it/10 <$ \T1/phv/m/n/10 cv::Vec2d
 []

[13]
Overfull \hbox (21.88861pt too wide) in alignment at lines 99--110
 [] [] 
 []


Underfull \vbox (badness 10000) detected at line 110
 []


Underfull \hbox (badness 10000) in paragraph at lines 129--130
[]|\T1/phv/m/n/10 The vec-tor of vec-tors of the ob-ject points. See
 []


Overfull \hbox (47.85168pt too wide) in paragraph at lines 129--130
[][]\T1/pcr/m/n/10 http://opencv.willowgarage.com/documentation/cpp/calib3d_-
 []


Overfull \hbox (83.85168pt too wide) in paragraph at lines 129--130
\T1/pcr/m/n/10 camera_-calibration_-and_-3d_-reconstruction.html#cv-calibrateca
mera[][]| 
 []


Underfull \hbox (badness 4168) in paragraph at lines 131--132
[]|\T1/phv/m/n/10 The vec-tor of vec-tors of the cor-re-spond-ing im-age points
. See
 []


Overfull \hbox (47.85168pt too wide) in paragraph at lines 131--132
[][]\T1/pcr/m/n/10 http://opencv.willowgarage.com/documentation/cpp/calib3d_-
 []


Overfull \hbox (83.85168pt too wide) in paragraph at lines 131--132
\T1/pcr/m/n/10 camera_-calibration_-and_-3d_-reconstruction.html#cv-calibrateca
mera[][]| 
 []


Overfull \hbox (21.88861pt too wide) in alignment at lines 128--145
 [] [] 
 []


Underfull \vbox (badness 10000) detected at line 145
 []

[14]
Overfull \hbox (21.88861pt too wide) in alignment at lines 176--179
 [] [] 
 []


Underfull \vbox (badness 10000) detected at line 179
 []


Overfull \hbox (21.88861pt too wide) in alignment at lines 201--204
 [] [] 
 []


Underfull \vbox (badness 10000) detected at line 204
 []

[15]
Overfull \hbox (21.88861pt too wide) in alignment at lines 229--238
 [] [] 
 []


Underfull \vbox (badness 10000) detected at line 238
 []


Overfull \hbox (3.39995pt too wide) in paragraph at lines 247--248
[]\T1/phv/m/n/10 D:/Travail/These/Determination car-ac-ter-is-tiques cam-er-a/G
-SoC/SfM/s-r-c/-Cam-er-aP-
 []


Overfull \hbox (3.39995pt too wide) in paragraph at lines 248--249
[]\T1/phv/m/n/10 D:/Travail/These/Determination car-ac-ter-is-tiques cam-er-a/G
-SoC/SfM/s-r-c/-Cam-er-aP-
 []


Overfull \hbox (3.39995pt too wide) in paragraph at lines 249--249
[]\T1/phv/m/n/10 D:/Travail/These/Determination car-ac-ter-is-tiques cam-er-a/G
-SoC/SfM/s-r-c/-Cam-er-aP-
 []

)
("D:\Travail\These\Determination caracteristiques camera\GSoC\SfM\Documentation
\latex\class_opencv_sf_m_1_1_motion_estimator.tex"
Overfull \hbox (2.9949pt too wide) in paragraph at lines 16--17
[]\T1/phv/m/n/10 D:/Travail/These/Determination car-ac-ter-is-tiques cam-er-a/G
-SoC/SfM/s-r-c/-Mo-tion-Es-
 []


Overfull \hbox (2.9949pt too wide) in paragraph at lines 17--17
[]\T1/phv/m/n/10 D:/Travail/These/Determination car-ac-ter-is-tiques cam-er-a/G
-SoC/SfM/s-r-c/-Mo-tion-Es-
 []

)
("D:\Travail\These\Determination caracteristiques camera\GSoC\SfM\Documentation
\latex\class_opencv_sf_m_1_1_motion_processor.tex" [16]
Overfull \hbox (14.37245pt too wide) in paragraph at lines 19--21
[]\T1/phv/m/n/10 bool [][]set-Input-Source[][] (std::string name-Of-File, Type-
Of-Mo-tion-Pro-ces-sor inputType=IS_-
 []

[17]
Overfull \hbox (21.88861pt too wide) in alignment at lines 93--96
 [] [] 
 []


Underfull \vbox (badness 10000) detected at line 96
 []


Overfull \hbox (194.29134pt too wide) in paragraph at lines 113--114
\T1/phv/m/n/10 prop-er-ties are the same than Video-Cap-ture (see [][]\T1/pcr/m
/n/10 http://opencv.willowgarage.com/documentation/cpp/reading_-
 []


Overfull \hbox (21.88861pt too wide) in alignment at lines 114--117
 [] [] 
 []


Underfull \vbox (badness 10000) detected at line 117
 []


Overfull \hbox (21.88861pt too wide) in alignment at lines 135--138
 [] [] 
 []


Underfull \vbox (badness 10000) detected at line 138
 []

[18]
Overfull \hbox (21.88861pt too wide) in alignment at lines 157--162
 [] [] 
 []


Underfull \vbox (badness 10000) detected at line 162
 []


Overfull \hbox (21.88861pt too wide) in alignment at lines 178--185
 [] [] 
 []


Underfull \vbox (badness 10000) detected at line 185
 []


Overfull \hbox (208.70901pt too wide) in paragraph at lines 199--200
\T1/phv/m/n/10 the prop-er-ties are the same than Video-Cap-ture (see [][]\T1/p
cr/m/n/10 http://opencv.willowgarage.com/documentation/cpp/reading_-
 []


Overfull \hbox (21.88861pt too wide) in alignment at lines 200--205
 [] [] 
 []


Underfull \vbox (badness 10000) detected at line 205
 []


Underfull \vbox (badness 2111) has occurred while \output is active []

 [19]
Overfull \hbox (6.49577pt too wide) in paragraph at lines 235--236
[]\T1/phv/m/n/10 D:/Travail/These/Determination car-ac-ter-is-tiques cam-er-a/G
-SoC/SfM/s-r-c/-Mo-tion-Pro-
 []


Overfull \hbox (6.49577pt too wide) in paragraph at lines 236--236
[]\T1/phv/m/n/10 D:/Travail/These/Determination car-ac-ter-is-tiques cam-er-a/G
-SoC/SfM/s-r-c/-Mo-tion-Pro-
 []

)
("D:\Travail\These\Determination caracteristiques camera\GSoC\SfM\Documentation
\latex\class_opencv_sf_m_1_1_point_of_view.tex" [20]
Overfull \hbox (21.88861pt too wide) in alignment at lines 77--84
 [] [] 
 []


Underfull \vbox (badness 10000) detected at line 84
 []


Underfull \vbox (badness 10000) has occurred while \output is active []

 [21]

Package hyperref Warning: Token not allowed in a PDF string (Unicode):
(hyperref)                removing `math shift' on input line 102.


Package hyperref Warning: Token not allowed in a PDF string (Unicode):
(hyperref)                removing `\sim' on input line 102.


Package hyperref Warning: Token not allowed in a PDF string (Unicode):
(hyperref)                removing `math shift' on input line 102.


Overfull \hbox (18.33945pt too wide) in paragraph at lines 131--132
[]\T1/phv/m/n/10 D:/Travail/These/Determination car-ac-ter-is-tiques cam-er-a/G
-SoC/SfM/s-r-c/-PointOfView.h 
 []


Overfull \hbox (27.84332pt too wide) in paragraph at lines 132--132
[]\T1/phv/m/n/10 D:/Travail/These/Determination car-ac-ter-is-tiques cam-er-a/G
-SoC/SfM/s-r-c/-PointOfView.cpp 
 []

)
("D:\Travail\These\Determination caracteristiques camera\GSoC\SfM\Documentation
\latex\class_opencv_sf_m_1_1_points3_d_estim.tex"
Overfull \hbox (28.55438pt too wide) in paragraph at lines 16--17
[]\T1/phv/m/n/10 D:/Travail/These/Determination car-ac-ter-is-tiques cam-er-a/G
-SoC/SfM/s-r-c/-Points3DEstim.h 
 []


Overfull \hbox (38.05826pt too wide) in paragraph at lines 17--17
[]\T1/phv/m/n/10 D:/Travail/These/Determination car-ac-ter-is-tiques cam-er-a/G
-SoC/SfM/s-r-c/-Points3DEstim.cpp 
 []

)
("D:\Travail\These\Determination caracteristiques camera\GSoC\SfM\Documentation
\latex\class_opencv_sf_m_1_1_points_matcher.tex" [22]
Overfull \hbox (24.9416pt too wide) in paragraph at lines 53--55
[]\T1/phv/m/n/10 virtual void \T1/phv/b/n/10 kn-n-Match \T1/phv/m/n/10 (cv::Ptr
$\OML/ztmcm/m/it/10 <$ [][]\T1/phv/m/n/10 PointsTo-Track[][] $\OML/ztmcm/m/it/1
0 >$ \T1/phv/m/n/10 query-Points, std::vector$\OML/ztmcm/m/it/10 <$ \T1/phv/m/n
/10 std::vector$\OML/ztmcm/m/it/10 <$
 []


Overfull \hbox (26.61035pt too wide) in paragraph at lines 86--87
[]\T1/phv/m/n/10 D:/Travail/These/Determination car-ac-ter-is-tiques cam-er-a/G
-SoC/SfM/s-r-c/-Points-Matcher.h 
 []


Overfull \hbox (36.11423pt too wide) in paragraph at lines 87--87
[]\T1/phv/m/n/10 D:/Travail/These/Determination car-ac-ter-is-tiques cam-er-a/G
-SoC/SfM/s-r-c/-Points-Matcher.cpp 
 []

)
("D:\Travail\These\Determination caracteristiques camera\GSoC\SfM\Documentation
\latex\class_opencv_sf_m_1_1_points_to_track.tex"
<class_opencv_sf_m_1_1_points_to_track.pdf, id=788, 501.875pt x 174.6525pt>
File: class_opencv_sf_m_1_1_points_to_track.pdf Graphic file (type pdf)

<use class_opencv_sf_m_1_1_points_to_track.pdf> [23 <D:/Travail/These/Determina
tion caracteristiques camera/GSoC/SfM/Documentation/latex/class_opencv_sf_m_1_1
_points_to_track.pdf>]
Overfull \hbox (3.43037pt too wide) in paragraph at lines 39--41
[]\T1/phv/m/n/10 void [][]print-PointsOn-Im-age[][] (const cv::Mat &im-age, cv:
:Mat &out-Img, const cv::Scalar
 []


Overfull \hbox (21.88861pt too wide) in alignment at lines 87--92
 [] [] 
 []


Underfull \vbox (badness 10000) detected at line 92
 []


Overfull \vbox (17.98756pt too high) has occurred while \output is active []


[24]

Package hyperref Warning: Token not allowed in a PDF string (Unicode):
(hyperref)                removing `math shift' on input line 104.


Package hyperref Warning: Token not allowed in a PDF string (Unicode):
(hyperref)                removing `\sim' on input line 104.


Package hyperref Warning: Token not allowed in a PDF string (Unicode):
(hyperref)                removing `math shift' on input line 104.


Overfull \hbox (21.88861pt too wide) in alignment at lines 125--132
 [] [] 
 []


Underfull \vbox (badness 10000) detected at line 132
 []

[25]
Underfull \hbox (badness 10000) in paragraph at lines 250--251
[]|\T1/phv/m/n/10 Possible flags bit val-ues is de-fined by Draw-Match-es-Flags
 (see
 []


Overfull \hbox (65.85168pt too wide) in paragraph at lines 250--251
[][]\T1/pcr/m/n/10 http://opencv.willowgarage.com/documentation/cpp/features2d_
-
 []


Underfull \hbox (badness 10000) in paragraph at lines 250--251
\T1/pcr/m/n/10 drawing_-function_-of_-keypoints_-and_-
 []


Overfull \hbox (21.88861pt too wide) in alignment at lines 243--252
 [] [] 
 []


Underfull \vbox (badness 10000) detected at line 252
 []


Underfull \vbox (badness 10000) has occurred while \output is active []

 [26])
("D:\Travail\These\Determination caracteristiques camera\GSoC\SfM\Documentation
\latex\class_opencv_sf_m_1_1_points_to_track_with_image.tex"
<class_opencv_sf_m_1_1_points_to_track_with_image.pdf, id=859, 501.875pt x 174.
6525pt>
File: class_opencv_sf_m_1_1_points_to_track_with_image.pdf Graphic file (type p
df)
 <use class_opencv_sf_m_1_1_points_to_track_with_image.pdf>
Overfull \hbox (15.89886pt too wide) in paragraph at lines 23--25
[][][]\T1/phv/m/n/10 PointsToTrackWithImage[][] (cv::Mat im-age-To-Anal-yse, cv
::Mat maskO-f-Anal-yse, cv::Ptr$\OML/ztmcm/m/it/10 <$
 []


Overfull \hbox (35.87286pt too wide) in paragraph at lines 23--25
\T1/phv/m/n/10 cv::FeatureDetector $\OML/ztmcm/m/it/10 >$ \T1/phv/m/n/10 featur
e_-detector=0, cv::Ptr$\OML/ztmcm/m/it/10 <$ \T1/phv/m/n/10 cv::DescriptorExtra
ctor $\OML/ztmcm/m/it/10 >$ \T1/phv/m/n/10 descriptor_-
 []


Overfull \hbox (21.77255pt too wide) in paragraph at lines 25--27
[][][]\T1/phv/m/n/10 PointsToTrackWithImage[][] (cv::Mat im-age-To-Anal-yse, cv
::Mat maskO-f-Anal-yse, std::string
 []


Overfull \hbox (10.14659pt too wide) in paragraph at lines 29--31
[]\T1/phv/m/n/10 void [][]set-De-scrip-torEx-trac-tor[][] (cv::Ptr$\OML/ztmcm/m
/it/10 <$ \T1/phv/m/n/10 cv::DescriptorExtractor $\OML/ztmcm/m/it/10 >$ \T1/phv
/m/n/10 descriptor_-detector) 
 []

[27 <D:/Travail/These/Determination caracteristiques camera/GSoC/SfM/Documentat
ion/latex/class_opencv_sf_m_1_1_points_to_track_with_image.pdf>]
Underfull \hbox (badness 10000) in paragraph at lines 88--89
[]|\T1/phv/m/n/10 Algorithm to use for fea-tures de-tec-tion (see
 []


Overfull \hbox (41.85168pt too wide) in paragraph at lines 88--89
[][]\T1/pcr/m/n/10 http://opencv.willowgarage.com/documentation/cpp/common_-
 []


Underfull \hbox (badness 10000) in paragraph at lines 88--89
\T1/pcr/m/n/10 interfaces_-for_-feature_-detection_-and_-descriptor_-
 []


Underfull \hbox (badness 10000) in paragraph at lines 90--91
[]|\T1/phv/m/n/10 Algorithm to use for de-scrip-tors de-tec-tion (see
 []


Overfull \hbox (41.85168pt too wide) in paragraph at lines 90--91
[][]\T1/pcr/m/n/10 http://opencv.willowgarage.com/documentation/cpp/common_-
 []


Underfull \hbox (badness 10000) in paragraph at lines 90--91
\T1/pcr/m/n/10 interfaces_-for_-feature_-detection_-and_-descriptor_-
 []


Overfull \hbox (21.88861pt too wide) in alignment at lines 83--92
 [] [] 
 []


Underfull \vbox (badness 10000) detected at line 92
 []


Underfull \hbox (badness 10000) in paragraph at lines 111--112
[]|\T1/phv/m/n/10 name of the al-go-rithm to use for fea-tures de-tec-tion (see

 []


Overfull \hbox (41.85168pt too wide) in paragraph at lines 111--112
[][]\T1/pcr/m/n/10 http://opencv.willowgarage.com/documentation/cpp/common_-
 []


Underfull \hbox (badness 10000) in paragraph at lines 111--112
\T1/pcr/m/n/10 interfaces_-for_-feature_-detection_-and_-descriptor_-
 []


Underfull \hbox (badness 10000) in paragraph at lines 113--114
[]|\T1/phv/m/n/10 name of the al-go-rithm to use for de-scrip-tors de-tec-tion 
(see
 []


Overfull \hbox (41.85168pt too wide) in paragraph at lines 113--114
[][]\T1/pcr/m/n/10 http://opencv.willowgarage.com/documentation/cpp/common_-
 []


Underfull \hbox (badness 10000) in paragraph at lines 113--114
\T1/pcr/m/n/10 interfaces_-for_-feature_-detection_-and_-descriptor_-
 []


Overfull \hbox (21.88861pt too wide) in alignment at lines 106--115
 [] [] 
 []


Underfull \vbox (badness 10000) detected at line 115
 []

[28]
Overfull \hbox (21.88861pt too wide) in alignment at lines 166--169
 [] [] 
 []


Underfull \vbox (badness 10000) detected at line 169
 []


Underfull \vbox (badness 10000) has occurred while \output is active []

 [29]
Overfull \hbox (21.88861pt too wide) in alignment at lines 184--187
 [] [] 
 []


Underfull \vbox (badness 10000) detected at line 187
 []

)
("D:\Travail\These\Determination caracteristiques camera\GSoC\SfM\Documentation
\latex\refman.ind" [30]
Overfull \hbox (6.98383pt too wide) in paragraph at lines 18--19
[]| \T1/phv/m/n/10 OpencvSfM::CameraPinholeDistor, [][]13[][],
 []


Overfull \hbox (5.16423pt too wide) in paragraph at lines 21--22
[]| \T1/phv/m/n/10 OpencvSfM::PointsToTrackWithImage,
 []


Overfull \hbox (5.16423pt too wide) in paragraph at lines 24--25
[]| \T1/phv/m/n/10 OpencvSfM::PointsToTrackWithImage,
 []


Overfull \hbox (4.48193pt too wide) in paragraph at lines 33--34
[]| \T1/phv/m/n/10 OpencvSfM::CameraPinholeDistor, [][]15[][] 
 []


Overfull \hbox (4.48193pt too wide) in paragraph at lines 58--59
[]| \T1/phv/m/n/10 OpencvSfM::CameraPinholeDistor, [][]15[][] 
 []

[31

]
Overfull \hbox (4.48193pt too wide) in paragraph at lines 118--119
[]| \T1/phv/m/n/10 OpencvSfM::CameraPinholeDistor, [][]15[][] 
 []


Overfull \hbox (5.16423pt too wide) in paragraph at lines 124--125
[]| \T1/phv/m/n/10 OpencvSfM::PointsToTrackWithImage,
 []


Overfull \hbox (5.16423pt too wide) in paragraph at lines 131--132
[]| \T1/phv/m/n/10 OpencvSfM::PointsToTrackWithImage,
 []


Overfull \hbox (5.16423pt too wide) in paragraph at lines 133--134
[]| \T1/phv/m/n/10 OpencvSfM::PointsToTrackWithImage,
 []


Overfull \hbox (1.10876pt too wide) in paragraph at lines 135--136
[]| \T1/phv/m/n/10 OpencvSfM::MotionProcessor, [][]18[][], [][]19[][] 
 []


Overfull \hbox (4.48193pt too wide) in paragraph at lines 146--147
[]| \T1/phv/m/n/10 OpencvSfM::CameraPinholeDistor, [][]16[][] 
 []

[32

])
Package atveryend Info: Empty hook `BeforeClearDocument' on input line 76.
Package atveryend Info: Empty hook `AfterLastShipout' on input line 76.

("D:\Travail\These\Determination caracteristiques camera\GSoC\SfM\Documentation
\latex\refman.aux")
Package atveryend Info: Executing hook `AtVeryEndDocument' on input line 76.
Package rerunfilecheck Info: File `refman.out' has not changed.
(rerunfilecheck)             Checksum: 9CA058F9022F778DA29DF35CE4FF1C32;15332.


LaTeX Font Warning: Some font shapes were not available, defaults substituted.

 ) 
Here is how much of TeX's memory you used:
 10853 strings out of 495285
 165885 string characters out of 3179881
 245872 words of memory out of 3000000
 13511 multiletter control sequences out of 15000+200000
 77727 words of font info for 110 fonts, out of 3000000 for 9000
 14 hyphenation exceptions out of 8191
 42i,13n,58p,860b,584s stack positions out of 5000i,500n,10000p,200000b,50000s
{C:/Program Files (x86)/MiKTeX 2.8/fonts/enc/dvips/fontname/8r.enc}<C:/Progra
m Files (x86)/MiKTeX 2.8/fonts/type1/public/amsfonts/cm/cmex10.pfb><C:/Program 
Files (x86)/MiKTeX 2.8/fonts/type1/public/amsfonts/cm/cmmi10.pfb><C:/Program Fi
les (x86)/MiKTeX 2.8/fonts/type1/public/amsfonts/cm/cmr10.pfb><C:/Program Files
 (x86)/MiKTeX 2.8/fonts/type1/public/amsfonts/cm/cmsy10.pfb><C:/Program Files (
x86)/MiKTeX 2.8/fonts/type1/urw/courier/ucrr8a.pfb><C:/Program Files (x86)/MiKT
eX 2.8/fonts/type1/urw/helvetic/uhvb8a.pfb><C:/Program Files (x86)/MiKTeX 2.8/f
onts/type1/urw/helvetic/uhvb8ac.pfb><C:/Program Files (x86)/MiKTeX 2.8/fonts/ty
pe1/urw/helvetic/uhvbo8ac.pfb><C:/Program Files (x86)/MiKTeX 2.8/fonts/type1/ur
w/helvetic/uhvr8a.pfb><C:/Program Files (x86)/MiKTeX 2.8/fonts/type1/urw/helvet
ic/uhvro8a.pfb><C:/Program Files (x86)/MiKTeX 2.8/fonts/type1/urw/times/utmr8a.
pfb><C:/Program Files (x86)/MiKTeX 2.8/fonts/type1/urw/times/utmri8a.pfb>
Output written on refman.pdf (38 pages, 351742 bytes).
PDF statistics:
 1115 PDF objects out of 1200 (max. 8388607)
 258 named destinations out of 1000 (max. 500000)
 690 words of extra memory for PDF output out of 10000 (max. 10000000)

